CRITICAL - 2025-03-25 18:38:34 --> Error: Cannot use object of type stdClass as array
in APPPATH\Controllers\SaleController.php on line 99.
 1 SYSTEMPATH\CodeIgniter.php(941): App\Controllers\SaleController->getSale('202501')
 2 SYSTEMPATH\CodeIgniter.php(502): CodeIgniter\CodeIgniter->runController(Object(App\Controllers\SaleController))
 3 SYSTEMPATH\CodeIgniter.php(361): CodeIgniter\CodeIgniter->handleRequest(null, Object(Config\Cache), false)
 4 FCPATH\index.php(79): CodeIgniter\CodeIgniter->run()
CRITICAL - 2025-03-25 18:38:41 --> Error: Cannot use object of type stdClass as array
in APPPATH\Controllers\SaleController.php on line 99.
 1 SYSTEMPATH\CodeIgniter.php(941): App\Controllers\SaleController->getSale('202501')
 2 SYSTEMPATH\CodeIgniter.php(502): CodeIgniter\CodeIgniter->runController(Object(App\Controllers\SaleController))
 3 SYSTEMPATH\CodeIgniter.php(361): CodeIgniter\CodeIgniter->handleRequest(null, Object(Config\Cache), false)
 4 FCPATH\index.php(79): CodeIgniter\CodeIgniter->run()
CRITICAL - 2025-03-25 22:11:28 --> ParseError: syntax error, unexpected token "}"
in APPPATH\Controllers\SaleController.php on line 80.
 1 SYSTEMPATH\Autoloader\Autoloader.php(288): CodeIgniter\Autoloader\Autoloader->includeFile('D:\\xamp\\htdocs\\GEsports-back\\app\\Controllers\\SaleController.php')
 2 SYSTEMPATH\Autoloader\Autoloader.php(266): CodeIgniter\Autoloader\Autoloader->loadInNamespace('App\\Controllers\\SaleController')
 3 [internal function]: CodeIgniter\Autoloader\Autoloader->loadClass('App\\Controllers\\SaleController')
 4 SYSTEMPATH\CodeIgniter.php(899): class_exists('\\App\\Controllers\\SaleController', true)
 5 SYSTEMPATH\CodeIgniter.php(489): CodeIgniter\CodeIgniter->startController()
 6 SYSTEMPATH\CodeIgniter.php(361): CodeIgniter\CodeIgniter->handleRequest(null, Object(Config\Cache), false)
 7 FCPATH\index.php(79): CodeIgniter\CodeIgniter->run()
CRITICAL - 2025-03-25 22:11:34 --> ParseError: syntax error, unexpected token "}"
in APPPATH\Controllers\SaleController.php on line 80.
 1 SYSTEMPATH\Autoloader\Autoloader.php(288): CodeIgniter\Autoloader\Autoloader->includeFile('D:\\xamp\\htdocs\\GEsports-back\\app\\Controllers\\SaleController.php')
 2 SYSTEMPATH\Autoloader\Autoloader.php(266): CodeIgniter\Autoloader\Autoloader->loadInNamespace('App\\Controllers\\SaleController')
 3 [internal function]: CodeIgniter\Autoloader\Autoloader->loadClass('App\\Controllers\\SaleController')
 4 SYSTEMPATH\CodeIgniter.php(899): class_exists('\\App\\Controllers\\SaleController', true)
 5 SYSTEMPATH\CodeIgniter.php(489): CodeIgniter\CodeIgniter->startController()
 6 SYSTEMPATH\CodeIgniter.php(361): CodeIgniter\CodeIgniter->handleRequest(null, Object(Config\Cache), false)
 7 FCPATH\index.php(79): CodeIgniter\CodeIgniter->run()
