ERROR - 2024-03-04 19:22:34 --> mysqli_sql_exception: Cannot add or update a child row: a foreign key constraint fails (`ace-db`.`user`, CONSTRAINT `person_idp` FOREIGN KEY (`person_id`) REFERENCES `person` (`id`)) in D:\xamp\htdocs\GEsports-back\system\Database\MySQLi\Connection.php:306
Stack trace:
#0 D:\xamp\htdocs\GEsports-back\system\Database\MySQLi\Connection.php(306): mysqli->query('INSERT INTO `us...', 0)
#1 D:\xamp\htdocs\GEsports-back\system\Database\BaseConnection.php(693): CodeIgniter\Database\MySQLi\Connection->execute('INSERT INTO `us...')
#2 D:\xamp\htdocs\GEsports-back\system\Database\BaseConnection.php(607): CodeIgniter\Database\BaseConnection->simpleQuery('INSERT INTO `us...')
#3 D:\xamp\htdocs\GEsports-back\system\Database\BaseBuilder.php(2302): CodeIgniter\Database\BaseConnection->query('INSERT INTO `us...', Array, false)
#4 D:\xamp\htdocs\GEsports-back\system\Model.php(326): CodeIgniter\Database\BaseBuilder->insert()
#5 D:\xamp\htdocs\GEsports-back\system\BaseModel.php(802): CodeIgniter\Model->doInsert(Array)
#6 D:\xamp\htdocs\GEsports-back\system\Model.php(744): CodeIgniter\BaseModel->insert(Array, true)
#7 D:\xamp\htdocs\GEsports-back\app\Controllers\EnrolmentController.php(191): CodeIgniter\Model->insert(Array)
#8 D:\xamp\htdocs\GEsports-back\system\CodeIgniter.php(941): App\Controllers\EnrolmentController->updateEnrollment('55')
#9 D:\xamp\htdocs\GEsports-back\system\CodeIgniter.php(502): CodeIgniter\CodeIgniter->runController(Object(App\Controllers\EnrolmentController))
#10 D:\xamp\htdocs\GEsports-back\system\CodeIgniter.php(361): CodeIgniter\CodeIgniter->handleRequest(NULL, Object(Config\Cache), false)
#11 D:\xamp\htdocs\GEsports-back\public\index.php(79): CodeIgniter\CodeIgniter->run()
#12 {main}
CRITICAL - 2024-03-04 19:22:34 --> CodeIgniter\Database\Exceptions\DatabaseException: Cannot add or update a child row: a foreign key constraint fails (`ace-db`.`user`, CONSTRAINT `person_idp` FOREIGN KEY (`person_id`) REFERENCES `person` (`id`))
in SYSTEMPATH\Database\BaseConnection.php on line 647.
 1 SYSTEMPATH\Database\BaseBuilder.php(2302): CodeIgniter\Database\BaseConnection->query('INSERT INTO `user` (`name`, `username`, `password`, `person_id`, `roles_id`) VALUES (:name:, :username:, :password:, :person_id:, :roles_id:)', [...], false)
 2 SYSTEMPATH\Model.php(326): CodeIgniter\Database\BaseBuilder->insert()
 3 SYSTEMPATH\BaseModel.php(802): CodeIgniter\Model->doInsert([...])
 4 SYSTEMPATH\Model.php(744): CodeIgniter\BaseModel->insert([...], true)
 5 APPPATH\Controllers\EnrolmentController.php(191): CodeIgniter\Model->insert([...])
 6 SYSTEMPATH\CodeIgniter.php(941): App\Controllers\EnrolmentController->updateEnrollment('55')
 7 SYSTEMPATH\CodeIgniter.php(502): CodeIgniter\CodeIgniter->runController(Object(App\Controllers\EnrolmentController))
 8 SYSTEMPATH\CodeIgniter.php(361): CodeIgniter\CodeIgniter->handleRequest(null, Object(Config\Cache), false)
 9 FCPATH\index.php(79): CodeIgniter\CodeIgniter->run()
CRITICAL - 2024-03-04 19:22:34 --> [Caused by] CodeIgniter\Database\Exceptions\DatabaseException: Cannot add or update a child row: a foreign key constraint fails (`ace-db`.`user`, CONSTRAINT `person_idp` FOREIGN KEY (`person_id`) REFERENCES `person` (`id`))
in SYSTEMPATH\Database\MySQLi\Connection.php on line 311.
 1 SYSTEMPATH\Database\BaseConnection.php(693): CodeIgniter\Database\MySQLi\Connection->execute('INSERT INTO `user` (`name`, `username`, `password`, `person_id`, `roles_id`) VALUES (\'TESTE KAREN\', \'A20240255\', \'Ace123456\', 1, 2)')
 2 SYSTEMPATH\Database\BaseConnection.php(607): CodeIgniter\Database\BaseConnection->simpleQuery('INSERT INTO `user` (`name`, `username`, `password`, `person_id`, `roles_id`) VALUES (\'TESTE KAREN\', \'A20240255\', \'Ace123456\', 1, 2)')
 3 SYSTEMPATH\Database\BaseBuilder.php(2302): CodeIgniter\Database\BaseConnection->query('INSERT INTO `user` (`name`, `username`, `password`, `person_id`, `roles_id`) VALUES (:name:, :username:, :password:, :person_id:, :roles_id:)', [...], false)
 4 SYSTEMPATH\Model.php(326): CodeIgniter\Database\BaseBuilder->insert()
 5 SYSTEMPATH\BaseModel.php(802): CodeIgniter\Model->doInsert([...])
 6 SYSTEMPATH\Model.php(744): CodeIgniter\BaseModel->insert([...], true)
 7 APPPATH\Controllers\EnrolmentController.php(191): CodeIgniter\Model->insert([...])
 8 SYSTEMPATH\CodeIgniter.php(941): App\Controllers\EnrolmentController->updateEnrollment('55')
 9 SYSTEMPATH\CodeIgniter.php(502): CodeIgniter\CodeIgniter->runController(Object(App\Controllers\EnrolmentController))
10 SYSTEMPATH\CodeIgniter.php(361): CodeIgniter\CodeIgniter->handleRequest(null, Object(Config\Cache), false)
11 FCPATH\index.php(79): CodeIgniter\CodeIgniter->run()
CRITICAL - 2024-03-04 19:22:34 --> [Caused by] mysqli_sql_exception: Cannot add or update a child row: a foreign key constraint fails (`ace-db`.`user`, CONSTRAINT `person_idp` FOREIGN KEY (`person_id`) REFERENCES `person` (`id`))
in SYSTEMPATH\Database\MySQLi\Connection.php on line 306.
 1 SYSTEMPATH\Database\MySQLi\Connection.php(306): mysqli->query('INSERT INTO `user` (`name`, `username`, `password`, `person_id`, `roles_id`) VALUES (\'TESTE KAREN\', \'A20240255\', \'Ace123456\', 1, 2)', 0)
 2 SYSTEMPATH\Database\BaseConnection.php(693): CodeIgniter\Database\MySQLi\Connection->execute('INSERT INTO `user` (`name`, `username`, `password`, `person_id`, `roles_id`) VALUES (\'TESTE KAREN\', \'A20240255\', \'Ace123456\', 1, 2)')
 3 SYSTEMPATH\Database\BaseConnection.php(607): CodeIgniter\Database\BaseConnection->simpleQuery('INSERT INTO `user` (`name`, `username`, `password`, `person_id`, `roles_id`) VALUES (\'TESTE KAREN\', \'A20240255\', \'Ace123456\', 1, 2)')
 4 SYSTEMPATH\Database\BaseBuilder.php(2302): CodeIgniter\Database\BaseConnection->query('INSERT INTO `user` (`name`, `username`, `password`, `person_id`, `roles_id`) VALUES (:name:, :username:, :password:, :person_id:, :roles_id:)', [...], false)
 5 SYSTEMPATH\Model.php(326): CodeIgniter\Database\BaseBuilder->insert()
 6 SYSTEMPATH\BaseModel.php(802): CodeIgniter\Model->doInsert([...])
 7 SYSTEMPATH\Model.php(744): CodeIgniter\BaseModel->insert([...], true)
 8 APPPATH\Controllers\EnrolmentController.php(191): CodeIgniter\Model->insert([...])
 9 SYSTEMPATH\CodeIgniter.php(941): App\Controllers\EnrolmentController->updateEnrollment('55')
10 SYSTEMPATH\CodeIgniter.php(502): CodeIgniter\CodeIgniter->runController(Object(App\Controllers\EnrolmentController))
11 SYSTEMPATH\CodeIgniter.php(361): CodeIgniter\CodeIgniter->handleRequest(null, Object(Config\Cache), false)
12 FCPATH\index.php(79): CodeIgniter\CodeIgniter->run()
