CRITICAL - 2024-04-23 00:35:55 --> TypeError: count(): Argument #1 ($value) must be of type Countable|array, stdClass given
in APPPATH\Controllers\ChampionshipController.php on line 51.
 1 APPPATH\Controllers\ChampionshipController.php(51): count(Object(stdClass))
 2 SYSTEMPATH\CodeIgniter.php(941): App\Controllers\ChampionshipController->createTeam()
 3 SYSTEMPATH\CodeIgniter.php(502): CodeIgniter\CodeIgniter->runController(Object(App\Controllers\ChampionshipController))
 4 SYSTEMPATH\CodeIgniter.php(361): CodeIgniter\CodeIgniter->handleRequest(null, Object(Config\Cache), false)
 5 FCPATH\index.php(79): CodeIgniter\CodeIgniter->run()
CRITICAL - 2024-04-23 00:37:53 --> TypeError: count(): Argument #1 ($value) must be of type Countable|array, stdClass given
in APPPATH\Controllers\ChampionshipController.php on line 51.
 1 APPPATH\Controllers\ChampionshipController.php(51): count(Object(stdClass))
 2 SYSTEMPATH\CodeIgniter.php(941): App\Controllers\ChampionshipController->createTeam()
 3 SYSTEMPATH\CodeIgniter.php(502): CodeIgniter\CodeIgniter->runController(Object(App\Controllers\ChampionshipController))
 4 SYSTEMPATH\CodeIgniter.php(361): CodeIgniter\CodeIgniter->handleRequest(null, Object(Config\Cache), false)
 5 FCPATH\index.php(79): CodeIgniter\CodeIgniter->run()
CRITICAL - 2024-04-23 00:39:41 --> TypeError: sizeof(): Argument #1 ($value) must be of type Countable|array, stdClass given
in APPPATH\Controllers\ChampionshipController.php on line 51.
 1 APPPATH\Controllers\ChampionshipController.php(51): sizeof(Object(stdClass))
 2 SYSTEMPATH\CodeIgniter.php(941): App\Controllers\ChampionshipController->createTeam()
 3 SYSTEMPATH\CodeIgniter.php(502): CodeIgniter\CodeIgniter->runController(Object(App\Controllers\ChampionshipController))
 4 SYSTEMPATH\CodeIgniter.php(361): CodeIgniter\CodeIgniter->handleRequest(null, Object(Config\Cache), false)
 5 FCPATH\index.php(79): CodeIgniter\CodeIgniter->run()
CRITICAL - 2024-04-23 00:41:47 --> TypeError: sizeof(): Argument #1 ($value) must be of type Countable|array, stdClass given
in APPPATH\Controllers\ChampionshipController.php on line 56.
 1 APPPATH\Controllers\ChampionshipController.php(56): sizeof(Object(stdClass))
 2 SYSTEMPATH\CodeIgniter.php(941): App\Controllers\ChampionshipController->createTeam()
 3 SYSTEMPATH\CodeIgniter.php(502): CodeIgniter\CodeIgniter->runController(Object(App\Controllers\ChampionshipController))
 4 SYSTEMPATH\CodeIgniter.php(361): CodeIgniter\CodeIgniter->handleRequest(null, Object(Config\Cache), false)
 5 FCPATH\index.php(79): CodeIgniter\CodeIgniter->run()
CRITICAL - 2024-04-23 00:45:37 --> TypeError: count(): Argument #1 ($value) must be of type Countable|array, stdClass given
in APPPATH\Controllers\ChampionshipController.php on line 53.
 1 APPPATH\Controllers\ChampionshipController.php(53): count(Object(stdClass))
 2 SYSTEMPATH\CodeIgniter.php(941): App\Controllers\ChampionshipController->createTeam()
 3 SYSTEMPATH\CodeIgniter.php(502): CodeIgniter\CodeIgniter->runController(Object(App\Controllers\ChampionshipController))
 4 SYSTEMPATH\CodeIgniter.php(361): CodeIgniter\CodeIgniter->handleRequest(null, Object(Config\Cache), false)
 5 FCPATH\index.php(79): CodeIgniter\CodeIgniter->run()
