CRITICAL - 2024-02-11 18:05:14 --> ErrorException: Undefined variable $fieldValidationMessage
in APPPATH\Controllers\SchoolController.php on line 41.
 1 APPPATH\Controllers\SchoolController.php(41): CodeIgniter\Debug\Exceptions->errorHandler(2, 'Undefined variable $fieldValidationMessage', 'D:\\xamp\\htdocs\\GEsports-back\\app\\Controllers\\SchoolController.php', 41)
 2 SYSTEMPATH\CodeIgniter.php(941): App\Controllers\SchoolController->create()
 3 SYSTEMPATH\CodeIgniter.php(502): CodeIgniter\CodeIgniter->runController(Object(App\Controllers\SchoolController))
 4 SYSTEMPATH\CodeIgniter.php(361): CodeIgniter\CodeIgniter->handleRequest(null, Object(Config\Cache), false)
 5 FCPATH\index.php(79): CodeIgniter\CodeIgniter->run()
CRITICAL - 2024-02-11 18:05:22 --> ErrorException: Undefined variable $fieldValidationMessage
in APPPATH\Controllers\SchoolController.php on line 41.
 1 APPPATH\Controllers\SchoolController.php(41): CodeIgniter\Debug\Exceptions->errorHandler(2, 'Undefined variable $fieldValidationMessage', 'D:\\xamp\\htdocs\\GEsports-back\\app\\Controllers\\SchoolController.php', 41)
 2 SYSTEMPATH\CodeIgniter.php(941): App\Controllers\SchoolController->create()
 3 SYSTEMPATH\CodeIgniter.php(502): CodeIgniter\CodeIgniter->runController(Object(App\Controllers\SchoolController))
 4 SYSTEMPATH\CodeIgniter.php(361): CodeIgniter\CodeIgniter->handleRequest(null, Object(Config\Cache), false)
 5 FCPATH\index.php(79): CodeIgniter\CodeIgniter->run()
CRITICAL - 2024-02-11 18:06:19 --> ErrorException: Undefined variable $fieldValidationMessage
in APPPATH\Controllers\SchoolController.php on line 41.
 1 APPPATH\Controllers\SchoolController.php(41): CodeIgniter\Debug\Exceptions->errorHandler(2, 'Undefined variable $fieldValidationMessage', 'D:\\xamp\\htdocs\\GEsports-back\\app\\Controllers\\SchoolController.php', 41)
 2 SYSTEMPATH\CodeIgniter.php(941): App\Controllers\SchoolController->create()
 3 SYSTEMPATH\CodeIgniter.php(502): CodeIgniter\CodeIgniter->runController(Object(App\Controllers\SchoolController))
 4 SYSTEMPATH\CodeIgniter.php(361): CodeIgniter\CodeIgniter->handleRequest(null, Object(Config\Cache), false)
 5 FCPATH\index.php(79): CodeIgniter\CodeIgniter->run()
CRITICAL - 2024-02-11 18:06:20 --> ErrorException: Undefined variable $fieldValidationMessage
in APPPATH\Controllers\SchoolController.php on line 41.
 1 APPPATH\Controllers\SchoolController.php(41): CodeIgniter\Debug\Exceptions->errorHandler(2, 'Undefined variable $fieldValidationMessage', 'D:\\xamp\\htdocs\\GEsports-back\\app\\Controllers\\SchoolController.php', 41)
 2 SYSTEMPATH\CodeIgniter.php(941): App\Controllers\SchoolController->create()
 3 SYSTEMPATH\CodeIgniter.php(502): CodeIgniter\CodeIgniter->runController(Object(App\Controllers\SchoolController))
 4 SYSTEMPATH\CodeIgniter.php(361): CodeIgniter\CodeIgniter->handleRequest(null, Object(Config\Cache), false)
 5 FCPATH\index.php(79): CodeIgniter\CodeIgniter->run()
CRITICAL - 2024-02-11 18:07:31 --> Error: Cannot use object of type App\Models\SchoolModel as array
in APPPATH\Controllers\SchoolController.php on line 41.
 1 SYSTEMPATH\CodeIgniter.php(941): App\Controllers\SchoolController->create()
 2 SYSTEMPATH\CodeIgniter.php(502): CodeIgniter\CodeIgniter->runController(Object(App\Controllers\SchoolController))
 3 SYSTEMPATH\CodeIgniter.php(361): CodeIgniter\CodeIgniter->handleRequest(null, Object(Config\Cache), false)
 4 FCPATH\index.php(79): CodeIgniter\CodeIgniter->run()
CRITICAL - 2024-02-11 18:12:08 --> Error: Class "App\Models\MessagesModel" not found
in APPPATH\Controllers\SchoolController.php on line 41.
 1 SYSTEMPATH\CodeIgniter.php(941): App\Controllers\SchoolController->create()
 2 SYSTEMPATH\CodeIgniter.php(502): CodeIgniter\CodeIgniter->runController(Object(App\Controllers\SchoolController))
 3 SYSTEMPATH\CodeIgniter.php(361): CodeIgniter\CodeIgniter->handleRequest(null, Object(Config\Cache), false)
 4 FCPATH\index.php(79): CodeIgniter\CodeIgniter->run()
CRITICAL - 2024-02-11 18:12:10 --> Error: Class "App\Models\MessagesModel" not found
in APPPATH\Controllers\SchoolController.php on line 41.
 1 SYSTEMPATH\CodeIgniter.php(941): App\Controllers\SchoolController->create()
 2 SYSTEMPATH\CodeIgniter.php(502): CodeIgniter\CodeIgniter->runController(Object(App\Controllers\SchoolController))
 3 SYSTEMPATH\CodeIgniter.php(361): CodeIgniter\CodeIgniter->handleRequest(null, Object(Config\Cache), false)
 4 FCPATH\index.php(79): CodeIgniter\CodeIgniter->run()
CRITICAL - 2024-02-11 18:12:36 --> Error: Class "App\Models\MessagesModel" not found
in APPPATH\Controllers\SchoolController.php on line 41.
 1 SYSTEMPATH\CodeIgniter.php(941): App\Controllers\SchoolController->create()
 2 SYSTEMPATH\CodeIgniter.php(502): CodeIgniter\CodeIgniter->runController(Object(App\Controllers\SchoolController))
 3 SYSTEMPATH\CodeIgniter.php(361): CodeIgniter\CodeIgniter->handleRequest(null, Object(Config\Cache), false)
 4 FCPATH\index.php(79): CodeIgniter\CodeIgniter->run()
CRITICAL - 2024-02-11 18:12:38 --> Error: Class "App\Models\MessagesModel" not found
in APPPATH\Controllers\SchoolController.php on line 41.
 1 SYSTEMPATH\CodeIgniter.php(941): App\Controllers\SchoolController->create()
 2 SYSTEMPATH\CodeIgniter.php(502): CodeIgniter\CodeIgniter->runController(Object(App\Controllers\SchoolController))
 3 SYSTEMPATH\CodeIgniter.php(361): CodeIgniter\CodeIgniter->handleRequest(null, Object(Config\Cache), false)
 4 FCPATH\index.php(79): CodeIgniter\CodeIgniter->run()
CRITICAL - 2024-02-11 18:13:32 --> Error: Class "App\Models\MessagesModel" not found
in APPPATH\Controllers\SchoolController.php on line 41.
 1 SYSTEMPATH\CodeIgniter.php(941): App\Controllers\SchoolController->create()
 2 SYSTEMPATH\CodeIgniter.php(502): CodeIgniter\CodeIgniter->runController(Object(App\Controllers\SchoolController))
 3 SYSTEMPATH\CodeIgniter.php(361): CodeIgniter\CodeIgniter->handleRequest(null, Object(Config\Cache), false)
 4 FCPATH\index.php(79): CodeIgniter\CodeIgniter->run()
CRITICAL - 2024-02-11 18:13:33 --> Error: Class "App\Models\MessagesModel" not found
in APPPATH\Controllers\SchoolController.php on line 41.
 1 SYSTEMPATH\CodeIgniter.php(941): App\Controllers\SchoolController->create()
 2 SYSTEMPATH\CodeIgniter.php(502): CodeIgniter\CodeIgniter->runController(Object(App\Controllers\SchoolController))
 3 SYSTEMPATH\CodeIgniter.php(361): CodeIgniter\CodeIgniter->handleRequest(null, Object(Config\Cache), false)
 4 FCPATH\index.php(79): CodeIgniter\CodeIgniter->run()
CRITICAL - 2024-02-11 18:14:15 --> Error: Class "App\Controllers\MessagesModel" not found
in APPPATH\Controllers\SchoolController.php on line 40.
 1 SYSTEMPATH\CodeIgniter.php(941): App\Controllers\SchoolController->create()
 2 SYSTEMPATH\CodeIgniter.php(502): CodeIgniter\CodeIgniter->runController(Object(App\Controllers\SchoolController))
 3 SYSTEMPATH\CodeIgniter.php(361): CodeIgniter\CodeIgniter->handleRequest(null, Object(Config\Cache), false)
 4 FCPATH\index.php(79): CodeIgniter\CodeIgniter->run()
CRITICAL - 2024-02-11 18:14:42 --> Error: Class "App\Controllers\MessagesModel" not found
in APPPATH\Controllers\SchoolController.php on line 40.
 1 SYSTEMPATH\CodeIgniter.php(941): App\Controllers\SchoolController->create()
 2 SYSTEMPATH\CodeIgniter.php(502): CodeIgniter\CodeIgniter->runController(Object(App\Controllers\SchoolController))
 3 SYSTEMPATH\CodeIgniter.php(361): CodeIgniter\CodeIgniter->handleRequest(null, Object(Config\Cache), false)
 4 FCPATH\index.php(79): CodeIgniter\CodeIgniter->run()
CRITICAL - 2024-02-11 18:14:50 --> Error: Class "App\Controllers\MessagesModel" not found
in APPPATH\Controllers\SchoolController.php on line 40.
 1 SYSTEMPATH\CodeIgniter.php(941): App\Controllers\SchoolController->create()
 2 SYSTEMPATH\CodeIgniter.php(502): CodeIgniter\CodeIgniter->runController(Object(App\Controllers\SchoolController))
 3 SYSTEMPATH\CodeIgniter.php(361): CodeIgniter\CodeIgniter->handleRequest(null, Object(Config\Cache), false)
 4 FCPATH\index.php(79): CodeIgniter\CodeIgniter->run()
CRITICAL - 2024-02-11 18:14:58 --> Error: Class "App\Controllers\MessagesModel" not found
in APPPATH\Controllers\SchoolController.php on line 40.
 1 SYSTEMPATH\CodeIgniter.php(941): App\Controllers\SchoolController->create()
 2 SYSTEMPATH\CodeIgniter.php(502): CodeIgniter\CodeIgniter->runController(Object(App\Controllers\SchoolController))
 3 SYSTEMPATH\CodeIgniter.php(361): CodeIgniter\CodeIgniter->handleRequest(null, Object(Config\Cache), false)
 4 FCPATH\index.php(79): CodeIgniter\CodeIgniter->run()
CRITICAL - 2024-02-11 18:14:59 --> Error: Class "App\Controllers\MessagesModel" not found
in APPPATH\Controllers\SchoolController.php on line 40.
 1 SYSTEMPATH\CodeIgniter.php(941): App\Controllers\SchoolController->create()
 2 SYSTEMPATH\CodeIgniter.php(502): CodeIgniter\CodeIgniter->runController(Object(App\Controllers\SchoolController))
 3 SYSTEMPATH\CodeIgniter.php(361): CodeIgniter\CodeIgniter->handleRequest(null, Object(Config\Cache), false)
 4 FCPATH\index.php(79): CodeIgniter\CodeIgniter->run()
CRITICAL - 2024-02-11 18:15:21 --> Error: Class "App\Controllers\MessagesModel" not found
in APPPATH\Controllers\SchoolController.php on line 41.
 1 SYSTEMPATH\CodeIgniter.php(941): App\Controllers\SchoolController->create()
 2 SYSTEMPATH\CodeIgniter.php(502): CodeIgniter\CodeIgniter->runController(Object(App\Controllers\SchoolController))
 3 SYSTEMPATH\CodeIgniter.php(361): CodeIgniter\CodeIgniter->handleRequest(null, Object(Config\Cache), false)
 4 FCPATH\index.php(79): CodeIgniter\CodeIgniter->run()
CRITICAL - 2024-02-11 18:15:22 --> Error: Class "App\Controllers\MessagesModel" not found
in APPPATH\Controllers\SchoolController.php on line 41.
 1 SYSTEMPATH\CodeIgniter.php(941): App\Controllers\SchoolController->create()
 2 SYSTEMPATH\CodeIgniter.php(502): CodeIgniter\CodeIgniter->runController(Object(App\Controllers\SchoolController))
 3 SYSTEMPATH\CodeIgniter.php(361): CodeIgniter\CodeIgniter->handleRequest(null, Object(Config\Cache), false)
 4 FCPATH\index.php(79): CodeIgniter\CodeIgniter->run()
CRITICAL - 2024-02-11 18:15:57 --> Error: Class "App\Controllers\MessagesModel" not found
in APPPATH\Controllers\SchoolController.php on line 41.
 1 SYSTEMPATH\CodeIgniter.php(941): App\Controllers\SchoolController->create()
 2 SYSTEMPATH\CodeIgniter.php(502): CodeIgniter\CodeIgniter->runController(Object(App\Controllers\SchoolController))
 3 SYSTEMPATH\CodeIgniter.php(361): CodeIgniter\CodeIgniter->handleRequest(null, Object(Config\Cache), false)
 4 FCPATH\index.php(79): CodeIgniter\CodeIgniter->run()
CRITICAL - 2024-02-11 18:16:10 --> Error: Class "App\Models\MessagesModel" not found
in APPPATH\Controllers\SchoolController.php on line 42.
 1 SYSTEMPATH\CodeIgniter.php(941): App\Controllers\SchoolController->create()
 2 SYSTEMPATH\CodeIgniter.php(502): CodeIgniter\CodeIgniter->runController(Object(App\Controllers\SchoolController))
 3 SYSTEMPATH\CodeIgniter.php(361): CodeIgniter\CodeIgniter->handleRequest(null, Object(Config\Cache), false)
 4 FCPATH\index.php(79): CodeIgniter\CodeIgniter->run()
CRITICAL - 2024-02-11 18:16:25 --> Error: Class "App\Models\MessagesModel" not found
in APPPATH\Controllers\SchoolController.php on line 42.
 1 SYSTEMPATH\CodeIgniter.php(941): App\Controllers\SchoolController->create()
 2 SYSTEMPATH\CodeIgniter.php(502): CodeIgniter\CodeIgniter->runController(Object(App\Controllers\SchoolController))
 3 SYSTEMPATH\CodeIgniter.php(361): CodeIgniter\CodeIgniter->handleRequest(null, Object(Config\Cache), false)
 4 FCPATH\index.php(79): CodeIgniter\CodeIgniter->run()
CRITICAL - 2024-02-11 18:16:26 --> Error: Class "App\Models\MessagesModel" not found
in APPPATH\Controllers\SchoolController.php on line 42.
 1 SYSTEMPATH\CodeIgniter.php(941): App\Controllers\SchoolController->create()
 2 SYSTEMPATH\CodeIgniter.php(502): CodeIgniter\CodeIgniter->runController(Object(App\Controllers\SchoolController))
 3 SYSTEMPATH\CodeIgniter.php(361): CodeIgniter\CodeIgniter->handleRequest(null, Object(Config\Cache), false)
 4 FCPATH\index.php(79): CodeIgniter\CodeIgniter->run()
CRITICAL - 2024-02-11 18:16:37 --> Error: Class "App\Controllers\MessagesModel" not found
in APPPATH\Controllers\SchoolController.php on line 41.
 1 SYSTEMPATH\CodeIgniter.php(941): App\Controllers\SchoolController->create()
 2 SYSTEMPATH\CodeIgniter.php(502): CodeIgniter\CodeIgniter->runController(Object(App\Controllers\SchoolController))
 3 SYSTEMPATH\CodeIgniter.php(361): CodeIgniter\CodeIgniter->handleRequest(null, Object(Config\Cache), false)
 4 FCPATH\index.php(79): CodeIgniter\CodeIgniter->run()
CRITICAL - 2024-02-11 19:23:58 --> Error: Call to undefined method App\Models\MessagesModel::A()
in APPPATH\Controllers\SchoolController.php on line 44.
 1 SYSTEMPATH\CodeIgniter.php(941): App\Controllers\SchoolController->create()
 2 SYSTEMPATH\CodeIgniter.php(502): CodeIgniter\CodeIgniter->runController(Object(App\Controllers\SchoolController))
 3 SYSTEMPATH\CodeIgniter.php(361): CodeIgniter\CodeIgniter->handleRequest(null, Object(Config\Cache), false)
 4 FCPATH\index.php(79): CodeIgniter\CodeIgniter->run()
