CRITICAL - 2024-02-05 18:40:38 --> Error: Undefined constant "App\Controllers\es"
in APPPATH\Controllers\StoreController.php on line 5.
 1 SYSTEMPATH\Autoloader\Autoloader.php(309): include_once()
 2 SYSTEMPATH\Autoloader\Autoloader.php(288): CodeIgniter\Autoloader\Autoloader->includeFile('D:\\xamp\\htdocs\\ace-api\\app\\Controllers\\StoreController.php')
 3 SYSTEMPATH\Autoloader\Autoloader.php(266): CodeIgniter\Autoloader\Autoloader->loadInNamespace('App\\Controllers\\StoreController')
 4 [internal function]: CodeIgniter\Autoloader\Autoloader->loadClass('App\\Controllers\\StoreController')
 5 SYSTEMPATH\CodeIgniter.php(899): class_exists('\\App\\Controllers\\StoreController', true)
 6 SYSTEMPATH\CodeIgniter.php(489): CodeIgniter\CodeIgniter->startController()
 7 SYSTEMPATH\CodeIgniter.php(361): CodeIgniter\CodeIgniter->handleRequest(null, Object(Config\Cache), false)
 8 FCPATH\index.php(79): CodeIgniter\CodeIgniter->run()
CRITICAL - 2024-02-05 18:40:44 --> Error: Undefined constant "App\Controllers\es"
in APPPATH\Controllers\StoreController.php on line 5.
 1 SYSTEMPATH\Autoloader\Autoloader.php(309): include_once()
 2 SYSTEMPATH\Autoloader\Autoloader.php(288): CodeIgniter\Autoloader\Autoloader->includeFile('D:\\xamp\\htdocs\\ace-api\\app\\Controllers\\StoreController.php')
 3 SYSTEMPATH\Autoloader\Autoloader.php(266): CodeIgniter\Autoloader\Autoloader->loadInNamespace('App\\Controllers\\StoreController')
 4 [internal function]: CodeIgniter\Autoloader\Autoloader->loadClass('App\\Controllers\\StoreController')
 5 SYSTEMPATH\CodeIgniter.php(899): class_exists('\\App\\Controllers\\StoreController', true)
 6 SYSTEMPATH\CodeIgniter.php(489): CodeIgniter\CodeIgniter->startController()
 7 SYSTEMPATH\CodeIgniter.php(361): CodeIgniter\CodeIgniter->handleRequest(null, Object(Config\Cache), false)
 8 FCPATH\index.php(79): CodeIgniter\CodeIgniter->run()
CRITICAL - 2024-02-05 18:40:46 --> Error: Undefined constant "App\Controllers\es"
in APPPATH\Controllers\StoreController.php on line 5.
 1 SYSTEMPATH\Autoloader\Autoloader.php(309): include_once()
 2 SYSTEMPATH\Autoloader\Autoloader.php(288): CodeIgniter\Autoloader\Autoloader->includeFile('D:\\xamp\\htdocs\\ace-api\\app\\Controllers\\StoreController.php')
 3 SYSTEMPATH\Autoloader\Autoloader.php(266): CodeIgniter\Autoloader\Autoloader->loadInNamespace('App\\Controllers\\StoreController')
 4 [internal function]: CodeIgniter\Autoloader\Autoloader->loadClass('App\\Controllers\\StoreController')
 5 SYSTEMPATH\CodeIgniter.php(899): class_exists('\\App\\Controllers\\StoreController', true)
 6 SYSTEMPATH\CodeIgniter.php(489): CodeIgniter\CodeIgniter->startController()
 7 SYSTEMPATH\CodeIgniter.php(361): CodeIgniter\CodeIgniter->handleRequest(null, Object(Config\Cache), false)
 8 FCPATH\index.php(79): CodeIgniter\CodeIgniter->run()
CRITICAL - 2024-02-05 18:40:47 --> Error: Undefined constant "App\Controllers\es"
in APPPATH\Controllers\StoreController.php on line 5.
 1 SYSTEMPATH\Autoloader\Autoloader.php(309): include_once()
 2 SYSTEMPATH\Autoloader\Autoloader.php(288): CodeIgniter\Autoloader\Autoloader->includeFile('D:\\xamp\\htdocs\\ace-api\\app\\Controllers\\StoreController.php')
 3 SYSTEMPATH\Autoloader\Autoloader.php(266): CodeIgniter\Autoloader\Autoloader->loadInNamespace('App\\Controllers\\StoreController')
 4 [internal function]: CodeIgniter\Autoloader\Autoloader->loadClass('App\\Controllers\\StoreController')
 5 SYSTEMPATH\CodeIgniter.php(899): class_exists('\\App\\Controllers\\StoreController', true)
 6 SYSTEMPATH\CodeIgniter.php(489): CodeIgniter\CodeIgniter->startController()
 7 SYSTEMPATH\CodeIgniter.php(361): CodeIgniter\CodeIgniter->handleRequest(null, Object(Config\Cache), false)
 8 FCPATH\index.php(79): CodeIgniter\CodeIgniter->run()
CRITICAL - 2024-02-05 18:40:55 --> Error: Undefined constant "App\Controllers\es"
in APPPATH\Controllers\StoreController.php on line 5.
 1 SYSTEMPATH\Autoloader\Autoloader.php(309): include_once()
 2 SYSTEMPATH\Autoloader\Autoloader.php(288): CodeIgniter\Autoloader\Autoloader->includeFile('D:\\xamp\\htdocs\\ace-api\\app\\Controllers\\StoreController.php')
 3 SYSTEMPATH\Autoloader\Autoloader.php(266): CodeIgniter\Autoloader\Autoloader->loadInNamespace('App\\Controllers\\StoreController')
 4 [internal function]: CodeIgniter\Autoloader\Autoloader->loadClass('App\\Controllers\\StoreController')
 5 SYSTEMPATH\CodeIgniter.php(899): class_exists('\\App\\Controllers\\StoreController', true)
 6 SYSTEMPATH\CodeIgniter.php(489): CodeIgniter\CodeIgniter->startController()
 7 SYSTEMPATH\CodeIgniter.php(361): CodeIgniter\CodeIgniter->handleRequest(null, Object(Config\Cache), false)
 8 FCPATH\index.php(79): CodeIgniter\CodeIgniter->run()
CRITICAL - 2024-02-05 18:41:01 --> Error: Undefined constant "App\Controllers\es"
in APPPATH\Controllers\StoreController.php on line 5.
 1 SYSTEMPATH\Autoloader\Autoloader.php(309): include_once()
 2 SYSTEMPATH\Autoloader\Autoloader.php(288): CodeIgniter\Autoloader\Autoloader->includeFile('D:\\xamp\\htdocs\\ace-api\\app\\Controllers\\StoreController.php')
 3 SYSTEMPATH\Autoloader\Autoloader.php(266): CodeIgniter\Autoloader\Autoloader->loadInNamespace('App\\Controllers\\StoreController')
 4 [internal function]: CodeIgniter\Autoloader\Autoloader->loadClass('App\\Controllers\\StoreController')
 5 SYSTEMPATH\CodeIgniter.php(899): class_exists('\\App\\Controllers\\StoreController', true)
 6 SYSTEMPATH\CodeIgniter.php(489): CodeIgniter\CodeIgniter->startController()
 7 SYSTEMPATH\CodeIgniter.php(361): CodeIgniter\CodeIgniter->handleRequest(null, Object(Config\Cache), false)
 8 FCPATH\index.php(79): CodeIgniter\CodeIgniter->run()
CRITICAL - 2024-02-05 18:41:18 --> Error: Undefined constant "App\Controllers\es"
in APPPATH\Controllers\StoreController.php on line 5.
 1 SYSTEMPATH\Autoloader\Autoloader.php(309): include_once()
 2 SYSTEMPATH\Autoloader\Autoloader.php(288): CodeIgniter\Autoloader\Autoloader->includeFile('D:\\xamp\\htdocs\\ace-api\\app\\Controllers\\StoreController.php')
 3 SYSTEMPATH\Autoloader\Autoloader.php(266): CodeIgniter\Autoloader\Autoloader->loadInNamespace('App\\Controllers\\StoreController')
 4 [internal function]: CodeIgniter\Autoloader\Autoloader->loadClass('App\\Controllers\\StoreController')
 5 SYSTEMPATH\CodeIgniter.php(899): class_exists('\\App\\Controllers\\StoreController', true)
 6 SYSTEMPATH\CodeIgniter.php(489): CodeIgniter\CodeIgniter->startController()
 7 SYSTEMPATH\CodeIgniter.php(361): CodeIgniter\CodeIgniter->handleRequest(null, Object(Config\Cache), false)
 8 FCPATH\index.php(79): CodeIgniter\CodeIgniter->run()
CRITICAL - 2024-02-05 18:41:27 --> Error: Undefined constant "App\Controllers\es"
in APPPATH\Controllers\StoreController.php on line 5.
 1 SYSTEMPATH\Autoloader\Autoloader.php(309): include_once()
 2 SYSTEMPATH\Autoloader\Autoloader.php(288): CodeIgniter\Autoloader\Autoloader->includeFile('D:\\xamp\\htdocs\\ace-api\\app\\Controllers\\StoreController.php')
 3 SYSTEMPATH\Autoloader\Autoloader.php(266): CodeIgniter\Autoloader\Autoloader->loadInNamespace('App\\Controllers\\StoreController')
 4 [internal function]: CodeIgniter\Autoloader\Autoloader->loadClass('App\\Controllers\\StoreController')
 5 SYSTEMPATH\CodeIgniter.php(899): class_exists('\\App\\Controllers\\StoreController', true)
 6 SYSTEMPATH\CodeIgniter.php(489): CodeIgniter\CodeIgniter->startController()
 7 SYSTEMPATH\CodeIgniter.php(361): CodeIgniter\CodeIgniter->handleRequest(null, Object(Config\Cache), false)
 8 FCPATH\index.php(79): CodeIgniter\CodeIgniter->run()
CRITICAL - 2024-02-05 18:41:40 --> Error: Undefined constant "App\Controllers\es"
in APPPATH\Controllers\StoreController.php on line 5.
 1 SYSTEMPATH\Autoloader\Autoloader.php(309): include_once()
 2 SYSTEMPATH\Autoloader\Autoloader.php(288): CodeIgniter\Autoloader\Autoloader->includeFile('D:\\xamp\\htdocs\\ace-api\\app\\Controllers\\StoreController.php')
 3 SYSTEMPATH\Autoloader\Autoloader.php(266): CodeIgniter\Autoloader\Autoloader->loadInNamespace('App\\Controllers\\StoreController')
 4 [internal function]: CodeIgniter\Autoloader\Autoloader->loadClass('App\\Controllers\\StoreController')
 5 SYSTEMPATH\CodeIgniter.php(899): class_exists('\\App\\Controllers\\StoreController', true)
 6 SYSTEMPATH\CodeIgniter.php(489): CodeIgniter\CodeIgniter->startController()
 7 SYSTEMPATH\CodeIgniter.php(361): CodeIgniter\CodeIgniter->handleRequest(null, Object(Config\Cache), false)
 8 FCPATH\index.php(79): CodeIgniter\CodeIgniter->run()
CRITICAL - 2024-02-05 18:41:42 --> Error: Undefined constant "App\Controllers\es"
in APPPATH\Controllers\StoreController.php on line 5.
 1 SYSTEMPATH\Autoloader\Autoloader.php(309): include_once()
 2 SYSTEMPATH\Autoloader\Autoloader.php(288): CodeIgniter\Autoloader\Autoloader->includeFile('D:\\xamp\\htdocs\\ace-api\\app\\Controllers\\StoreController.php')
 3 SYSTEMPATH\Autoloader\Autoloader.php(266): CodeIgniter\Autoloader\Autoloader->loadInNamespace('App\\Controllers\\StoreController')
 4 [internal function]: CodeIgniter\Autoloader\Autoloader->loadClass('App\\Controllers\\StoreController')
 5 SYSTEMPATH\CodeIgniter.php(899): class_exists('\\App\\Controllers\\StoreController', true)
 6 SYSTEMPATH\CodeIgniter.php(489): CodeIgniter\CodeIgniter->startController()
 7 SYSTEMPATH\CodeIgniter.php(361): CodeIgniter\CodeIgniter->handleRequest(null, Object(Config\Cache), false)
 8 FCPATH\index.php(79): CodeIgniter\CodeIgniter->run()
CRITICAL - 2024-02-05 18:42:08 --> Error: Undefined constant "App\Controllers\es"
in APPPATH\Controllers\StoreController.php on line 5.
 1 SYSTEMPATH\Autoloader\Autoloader.php(309): include_once()
 2 SYSTEMPATH\Autoloader\Autoloader.php(288): CodeIgniter\Autoloader\Autoloader->includeFile('D:\\xamp\\htdocs\\ace-api\\app\\Controllers\\StoreController.php')
 3 SYSTEMPATH\Autoloader\Autoloader.php(266): CodeIgniter\Autoloader\Autoloader->loadInNamespace('App\\Controllers\\StoreController')
 4 [internal function]: CodeIgniter\Autoloader\Autoloader->loadClass('App\\Controllers\\StoreController')
 5 SYSTEMPATH\CodeIgniter.php(899): class_exists('\\App\\Controllers\\StoreController', true)
 6 SYSTEMPATH\CodeIgniter.php(489): CodeIgniter\CodeIgniter->startController()
 7 SYSTEMPATH\CodeIgniter.php(361): CodeIgniter\CodeIgniter->handleRequest(null, Object(Config\Cache), false)
 8 FCPATH\index.php(79): CodeIgniter\CodeIgniter->run()
CRITICAL - 2024-02-05 18:42:10 --> Error: Undefined constant "App\Controllers\es"
in APPPATH\Controllers\StoreController.php on line 5.
 1 SYSTEMPATH\Autoloader\Autoloader.php(309): include_once()
 2 SYSTEMPATH\Autoloader\Autoloader.php(288): CodeIgniter\Autoloader\Autoloader->includeFile('D:\\xamp\\htdocs\\ace-api\\app\\Controllers\\StoreController.php')
 3 SYSTEMPATH\Autoloader\Autoloader.php(266): CodeIgniter\Autoloader\Autoloader->loadInNamespace('App\\Controllers\\StoreController')
 4 [internal function]: CodeIgniter\Autoloader\Autoloader->loadClass('App\\Controllers\\StoreController')
 5 SYSTEMPATH\CodeIgniter.php(899): class_exists('\\App\\Controllers\\StoreController', true)
 6 SYSTEMPATH\CodeIgniter.php(489): CodeIgniter\CodeIgniter->startController()
 7 SYSTEMPATH\CodeIgniter.php(361): CodeIgniter\CodeIgniter->handleRequest(null, Object(Config\Cache), false)
 8 FCPATH\index.php(79): CodeIgniter\CodeIgniter->run()
CRITICAL - 2024-02-05 18:42:19 --> Error: Undefined constant "App\Controllers\es"
in APPPATH\Controllers\StoreController.php on line 5.
 1 SYSTEMPATH\Autoloader\Autoloader.php(309): include_once()
 2 SYSTEMPATH\Autoloader\Autoloader.php(288): CodeIgniter\Autoloader\Autoloader->includeFile('D:\\xamp\\htdocs\\ace-api\\app\\Controllers\\StoreController.php')
 3 SYSTEMPATH\Autoloader\Autoloader.php(266): CodeIgniter\Autoloader\Autoloader->loadInNamespace('App\\Controllers\\StoreController')
 4 [internal function]: CodeIgniter\Autoloader\Autoloader->loadClass('App\\Controllers\\StoreController')
 5 SYSTEMPATH\CodeIgniter.php(899): class_exists('\\App\\Controllers\\StoreController', true)
 6 SYSTEMPATH\CodeIgniter.php(489): CodeIgniter\CodeIgniter->startController()
 7 SYSTEMPATH\CodeIgniter.php(361): CodeIgniter\CodeIgniter->handleRequest(null, Object(Config\Cache), false)
 8 FCPATH\index.php(79): CodeIgniter\CodeIgniter->run()
CRITICAL - 2024-02-05 18:43:27 --> Error: Undefined constant "App\Controllers\es"
in APPPATH\Controllers\StoreController.php on line 5.
 1 SYSTEMPATH\Autoloader\Autoloader.php(309): include_once()
 2 SYSTEMPATH\Autoloader\Autoloader.php(288): CodeIgniter\Autoloader\Autoloader->includeFile('D:\\xamp\\htdocs\\ace-api\\app\\Controllers\\StoreController.php')
 3 SYSTEMPATH\Autoloader\Autoloader.php(266): CodeIgniter\Autoloader\Autoloader->loadInNamespace('App\\Controllers\\StoreController')
 4 [internal function]: CodeIgniter\Autoloader\Autoloader->loadClass('App\\Controllers\\StoreController')
 5 SYSTEMPATH\CodeIgniter.php(899): class_exists('\\App\\Controllers\\StoreController', true)
 6 SYSTEMPATH\CodeIgniter.php(489): CodeIgniter\CodeIgniter->startController()
 7 SYSTEMPATH\CodeIgniter.php(361): CodeIgniter\CodeIgniter->handleRequest(null, Object(Config\Cache), false)
 8 FCPATH\index.php(79): CodeIgniter\CodeIgniter->run()
CRITICAL - 2024-02-05 18:43:58 --> Error: Undefined constant "App\Controllers\es"
in APPPATH\Controllers\StoreController.php on line 5.
 1 SYSTEMPATH\Autoloader\Autoloader.php(309): include_once()
 2 SYSTEMPATH\Autoloader\Autoloader.php(288): CodeIgniter\Autoloader\Autoloader->includeFile('D:\\xamp\\htdocs\\ace-api\\app\\Controllers\\StoreController.php')
 3 SYSTEMPATH\Autoloader\Autoloader.php(266): CodeIgniter\Autoloader\Autoloader->loadInNamespace('App\\Controllers\\StoreController')
 4 [internal function]: CodeIgniter\Autoloader\Autoloader->loadClass('App\\Controllers\\StoreController')
 5 SYSTEMPATH\CodeIgniter.php(899): class_exists('\\App\\Controllers\\StoreController', true)
 6 SYSTEMPATH\CodeIgniter.php(489): CodeIgniter\CodeIgniter->startController()
 7 SYSTEMPATH\CodeIgniter.php(361): CodeIgniter\CodeIgniter->handleRequest(null, Object(Config\Cache), false)
 8 FCPATH\index.php(79): CodeIgniter\CodeIgniter->run()
CRITICAL - 2024-02-05 18:43:59 --> Error: Undefined constant "App\Controllers\es"
in APPPATH\Controllers\StoreController.php on line 5.
 1 SYSTEMPATH\Autoloader\Autoloader.php(309): include_once()
 2 SYSTEMPATH\Autoloader\Autoloader.php(288): CodeIgniter\Autoloader\Autoloader->includeFile('D:\\xamp\\htdocs\\ace-api\\app\\Controllers\\StoreController.php')
 3 SYSTEMPATH\Autoloader\Autoloader.php(266): CodeIgniter\Autoloader\Autoloader->loadInNamespace('App\\Controllers\\StoreController')
 4 [internal function]: CodeIgniter\Autoloader\Autoloader->loadClass('App\\Controllers\\StoreController')
 5 SYSTEMPATH\CodeIgniter.php(899): class_exists('\\App\\Controllers\\StoreController', true)
 6 SYSTEMPATH\CodeIgniter.php(489): CodeIgniter\CodeIgniter->startController()
 7 SYSTEMPATH\CodeIgniter.php(361): CodeIgniter\CodeIgniter->handleRequest(null, Object(Config\Cache), false)
 8 FCPATH\index.php(79): CodeIgniter\CodeIgniter->run()
CRITICAL - 2024-02-05 18:44:11 --> Error: Undefined constant "App\Controllers\es"
in APPPATH\Controllers\StoreController.php on line 5.
 1 SYSTEMPATH\Autoloader\Autoloader.php(309): include_once()
 2 SYSTEMPATH\Autoloader\Autoloader.php(288): CodeIgniter\Autoloader\Autoloader->includeFile('D:\\xamp\\htdocs\\ace-api\\app\\Controllers\\StoreController.php')
 3 SYSTEMPATH\Autoloader\Autoloader.php(266): CodeIgniter\Autoloader\Autoloader->loadInNamespace('App\\Controllers\\StoreController')
 4 [internal function]: CodeIgniter\Autoloader\Autoloader->loadClass('App\\Controllers\\StoreController')
 5 SYSTEMPATH\CodeIgniter.php(899): class_exists('\\App\\Controllers\\StoreController', true)
 6 SYSTEMPATH\CodeIgniter.php(489): CodeIgniter\CodeIgniter->startController()
 7 SYSTEMPATH\CodeIgniter.php(361): CodeIgniter\CodeIgniter->handleRequest(null, Object(Config\Cache), false)
 8 FCPATH\index.php(79): CodeIgniter\CodeIgniter->run()
CRITICAL - 2024-02-05 18:57:40 --> Error: Cannot use object of type stdClass as array
in APPPATH\Controllers\StoreController.php on line 17.
 1 SYSTEMPATH\CodeIgniter.php(941): App\Controllers\StoreController->getAllCitys()
 2 SYSTEMPATH\CodeIgniter.php(502): CodeIgniter\CodeIgniter->runController(Object(App\Controllers\StoreController))
 3 SYSTEMPATH\CodeIgniter.php(361): CodeIgniter\CodeIgniter->handleRequest(null, Object(Config\Cache), false)
 4 FCPATH\index.php(79): CodeIgniter\CodeIgniter->run()
