ERROR - 2024-04-10 11:44:00 --> mysqli_sql_exception: You have an error in your SQL syntax; check the manual that corresponds to your MariaDB server version for the right syntax to use near '(250) NOT NULL,
	`sigla` VACHAR(3) NOT NULL,
	created_at TIMESTAMP default CU...' at line 3 in D:\xamp\htdocs\GEsports-back\system\Database\MySQLi\Connection.php:306
Stack trace:
#0 D:\xamp\htdocs\GEsports-back\system\Database\MySQLi\Connection.php(306): mysqli->query('CREATE TABLE `t...', 0)
#1 D:\xamp\htdocs\GEsports-back\system\Database\BaseConnection.php(693): CodeIgniter\Database\MySQLi\Connection->execute('CREATE TABLE `t...')
#2 D:\xamp\htdocs\GEsports-back\system\Database\BaseConnection.php(607): CodeIgniter\Database\BaseConnection->simpleQuery('CREATE TABLE `t...')
#3 D:\xamp\htdocs\GEsports-back\system\Database\Forge.php(546): CodeIgniter\Database\BaseConnection->query('CREATE TABLE `t...')
#4 D:\xamp\htdocs\GEsports-back\app\Database\Migrations\2024-04-10-114316_Team.php(28): CodeIgniter\Database\Forge->createTable('team')
#5 D:\xamp\htdocs\GEsports-back\system\Database\MigrationRunner.php(865): App\Database\Migrations\Team->up()
#6 D:\xamp\htdocs\GEsports-back\system\Database\MigrationRunner.php(181): CodeIgniter\Database\MigrationRunner->migrate('up', Object(stdClass))
#7 D:\xamp\htdocs\GEsports-back\system\Commands\Database\Migrate.php(84): CodeIgniter\Database\MigrationRunner->latest(NULL)
#8 D:\xamp\htdocs\GEsports-back\system\CLI\Commands.php(65): CodeIgniter\Commands\Database\Migrate->run(Array)
#9 D:\xamp\htdocs\GEsports-back\system\CLI\Console.php(46): CodeIgniter\CLI\Commands->run('migrate', Array)
#10 D:\xamp\htdocs\GEsports-back\spark(102): CodeIgniter\CLI\Console->run()
#11 {main}
ERROR - 2024-04-10 11:45:36 --> mysqli_sql_exception: You have an error in your SQL syntax; check the manual that corresponds to your MariaDB server version for the right syntax to use near '(250) NOT NULL,
	`sigla` VACHAR(3) NOT NULL,
	created_at DATATIME default CUR...' at line 3 in D:\xamp\htdocs\GEsports-back\system\Database\MySQLi\Connection.php:306
Stack trace:
#0 D:\xamp\htdocs\GEsports-back\system\Database\MySQLi\Connection.php(306): mysqli->query('CREATE TABLE `t...', 0)
#1 D:\xamp\htdocs\GEsports-back\system\Database\BaseConnection.php(693): CodeIgniter\Database\MySQLi\Connection->execute('CREATE TABLE `t...')
#2 D:\xamp\htdocs\GEsports-back\system\Database\BaseConnection.php(607): CodeIgniter\Database\BaseConnection->simpleQuery('CREATE TABLE `t...')
#3 D:\xamp\htdocs\GEsports-back\system\Database\Forge.php(546): CodeIgniter\Database\BaseConnection->query('CREATE TABLE `t...')
#4 D:\xamp\htdocs\GEsports-back\app\Database\Migrations\2024-04-10-114316_Team.php(28): CodeIgniter\Database\Forge->createTable('team')
#5 D:\xamp\htdocs\GEsports-back\system\Database\MigrationRunner.php(865): App\Database\Migrations\Team->up()
#6 D:\xamp\htdocs\GEsports-back\system\Database\MigrationRunner.php(181): CodeIgniter\Database\MigrationRunner->migrate('up', Object(stdClass))
#7 D:\xamp\htdocs\GEsports-back\system\Commands\Database\Migrate.php(84): CodeIgniter\Database\MigrationRunner->latest(NULL)
#8 D:\xamp\htdocs\GEsports-back\system\CLI\Commands.php(65): CodeIgniter\Commands\Database\Migrate->run(Array)
#9 D:\xamp\htdocs\GEsports-back\system\CLI\Console.php(46): CodeIgniter\CLI\Commands->run('migrate', Array)
#10 D:\xamp\htdocs\GEsports-back\spark(102): CodeIgniter\CLI\Console->run()
#11 {main}
ERROR - 2024-04-10 11:47:01 --> mysqli_sql_exception: You have an error in your SQL syntax; check the manual that corresponds to your MariaDB server version for the right syntax to use near '(250) NOT NULL,
	`sigla` VACHAR(250) NOT NULL,
	created_at TIMESTAMP default ...' at line 3 in D:\xamp\htdocs\GEsports-back\system\Database\MySQLi\Connection.php:306
Stack trace:
#0 D:\xamp\htdocs\GEsports-back\system\Database\MySQLi\Connection.php(306): mysqli->query('CREATE TABLE `t...', 0)
#1 D:\xamp\htdocs\GEsports-back\system\Database\BaseConnection.php(693): CodeIgniter\Database\MySQLi\Connection->execute('CREATE TABLE `t...')
#2 D:\xamp\htdocs\GEsports-back\system\Database\BaseConnection.php(607): CodeIgniter\Database\BaseConnection->simpleQuery('CREATE TABLE `t...')
#3 D:\xamp\htdocs\GEsports-back\system\Database\Forge.php(546): CodeIgniter\Database\BaseConnection->query('CREATE TABLE `t...')
#4 D:\xamp\htdocs\GEsports-back\app\Database\Migrations\2024-04-10-114316_Team.php(28): CodeIgniter\Database\Forge->createTable('team')
#5 D:\xamp\htdocs\GEsports-back\system\Database\MigrationRunner.php(865): App\Database\Migrations\Team->up()
#6 D:\xamp\htdocs\GEsports-back\system\Database\MigrationRunner.php(181): CodeIgniter\Database\MigrationRunner->migrate('up', Object(stdClass))
#7 D:\xamp\htdocs\GEsports-back\system\Commands\Database\Migrate.php(84): CodeIgniter\Database\MigrationRunner->latest(NULL)
#8 D:\xamp\htdocs\GEsports-back\system\CLI\Commands.php(65): CodeIgniter\Commands\Database\Migrate->run(Array)
#9 D:\xamp\htdocs\GEsports-back\system\CLI\Console.php(46): CodeIgniter\CLI\Commands->run('migrate', Array)
#10 D:\xamp\htdocs\GEsports-back\spark(102): CodeIgniter\CLI\Console->run()
#11 {main}
ERROR - 2024-04-10 11:48:43 --> mysqli_sql_exception: You have an error in your SQL syntax; check the manual that corresponds to your MariaDB server version for the right syntax to use near '(250) NOT NULL,
	`sigla` VACHAR(3) NOT NULL,
	created_at TIMESTAMP default CU...' at line 3 in D:\xamp\htdocs\GEsports-back\system\Database\MySQLi\Connection.php:306
Stack trace:
#0 D:\xamp\htdocs\GEsports-back\system\Database\MySQLi\Connection.php(306): mysqli->query('CREATE TABLE `t...', 0)
#1 D:\xamp\htdocs\GEsports-back\system\Database\BaseConnection.php(693): CodeIgniter\Database\MySQLi\Connection->execute('CREATE TABLE `t...')
#2 D:\xamp\htdocs\GEsports-back\system\Database\BaseConnection.php(607): CodeIgniter\Database\BaseConnection->simpleQuery('CREATE TABLE `t...')
#3 D:\xamp\htdocs\GEsports-back\system\Database\Forge.php(546): CodeIgniter\Database\BaseConnection->query('CREATE TABLE `t...')
#4 D:\xamp\htdocs\GEsports-back\app\Database\Migrations\2024-04-10-114316_Team.php(28): CodeIgniter\Database\Forge->createTable('team')
#5 D:\xamp\htdocs\GEsports-back\system\Database\MigrationRunner.php(865): App\Database\Migrations\Team->up()
#6 D:\xamp\htdocs\GEsports-back\system\Database\MigrationRunner.php(181): CodeIgniter\Database\MigrationRunner->migrate('up', Object(stdClass))
#7 D:\xamp\htdocs\GEsports-back\system\Commands\Database\Migrate.php(84): CodeIgniter\Database\MigrationRunner->latest(NULL)
#8 D:\xamp\htdocs\GEsports-back\system\CLI\Commands.php(65): CodeIgniter\Commands\Database\Migrate->run(Array)
#9 D:\xamp\htdocs\GEsports-back\system\CLI\Console.php(46): CodeIgniter\CLI\Commands->run('migrate', Array)
#10 D:\xamp\htdocs\GEsports-back\spark(102): CodeIgniter\CLI\Console->run()
#11 {main}
ERROR - 2024-04-10 11:52:18 --> Error connecting to the database: Error: Class "SQLite3" not found in D:\xamp\htdocs\GEsports-back\system\Database\SQLite3\Connection.php:89
Stack trace:
#0 D:\xamp\htdocs\GEsports-back\system\Database\BaseConnection.php(392): CodeIgniter\Database\SQLite3\Connection->connect(false)
#1 D:\xamp\htdocs\GEsports-back\system\Database\SQLite3\Connection.php(59): CodeIgniter\Database\BaseConnection->initialize()
#2 D:\xamp\htdocs\GEsports-back\system\Database\BaseConnection.php(575): CodeIgniter\Database\SQLite3\Connection->initialize()
#3 D:\xamp\htdocs\GEsports-back\system\Database\BaseConnection.php(1410): CodeIgniter\Database\BaseConnection->query('SELECT "NAME" F...')
#4 D:\xamp\htdocs\GEsports-back\system\Database\BaseConnection.php(1429): CodeIgniter\Database\BaseConnection->listTables()
#5 D:\xamp\htdocs\GEsports-back\system\Database\MigrationRunner.php(757): CodeIgniter\Database\BaseConnection->tableExists('migrations')
#6 D:\xamp\htdocs\GEsports-back\system\Database\MigrationRunner.php(161): CodeIgniter\Database\MigrationRunner->ensureTable()
#7 D:\xamp\htdocs\GEsports-back\system\Commands\Database\Migrate.php(84): CodeIgniter\Database\MigrationRunner->latest(NULL)
#8 D:\xamp\htdocs\GEsports-back\system\CLI\Commands.php(65): CodeIgniter\Commands\Database\Migrate->run(Array)
#9 D:\xamp\htdocs\GEsports-back\system\CLI\Console.php(46): CodeIgniter\CLI\Commands->run('migrate', Array)
#10 D:\xamp\htdocs\GEsports-back\spark(102): CodeIgniter\CLI\Console->run()
#11 {main}
