CRITICAL - 2025-02-12 00:04:20 --> Error: Class "Efi\EfiPay" not found
in APPPATH/Models/EfiPayModel.php on line 15.
 1 APPPATH/Models/EfiPayModel.php(86): App\Models\EfiPayModel->createEfiApi()
 2 APPPATH/Controllers/SelectiveController.php(36): App\Models\EfiPayModel->createPixMaturity('2025-02-24', '32132132131', 'DIACKSNSOO', '0.01')
 3 SYSTEMPATH/CodeIgniter.php(941): App\Controllers\SelectiveController->createCandidate()
 4 SYSTEMPATH/CodeIgniter.php(502): CodeIgniter\CodeIgniter->runController(Object(App\Controllers\SelectiveController))
 5 SYSTEMPATH/CodeIgniter.php(361): CodeIgniter\CodeIgniter->handleRequest(null, Object(Config\Cache), false)
 6 FCPATH/index.php(79): CodeIgniter\CodeIgniter->run()
CRITICAL - 2025-02-12 00:04:23 --> Error: Class "Efi\EfiPay" not found
in APPPATH/Models/EfiPayModel.php on line 15.
 1 APPPATH/Models/EfiPayModel.php(86): App\Models\EfiPayModel->createEfiApi()
 2 APPPATH/Controllers/SelectiveController.php(36): App\Models\EfiPayModel->createPixMaturity('2025-02-24', '32132132131', 'DIACKSNSOO', '0.01')
 3 SYSTEMPATH/CodeIgniter.php(941): App\Controllers\SelectiveController->createCandidate()
 4 SYSTEMPATH/CodeIgniter.php(502): CodeIgniter\CodeIgniter->runController(Object(App\Controllers\SelectiveController))
 5 SYSTEMPATH/CodeIgniter.php(361): CodeIgniter\CodeIgniter->handleRequest(null, Object(Config\Cache), false)
 6 FCPATH/index.php(79): CodeIgniter\CodeIgniter->run()
CRITICAL - 2025-02-12 00:11:15 --> Error: Class "Efi\EfiPay" not found
in APPPATH/Models/EfiPayModel.php on line 15.
 1 APPPATH/Models/EfiPayModel.php(86): App\Models\EfiPayModel->createEfiApi()
 2 APPPATH/Controllers/SelectiveController.php(36): App\Models\EfiPayModel->createPixMaturity('2025-02-24', '32132132131', 'DIACKSNSOO', '0.01')
 3 SYSTEMPATH/CodeIgniter.php(941): App\Controllers\SelectiveController->createCandidate()
 4 SYSTEMPATH/CodeIgniter.php(502): CodeIgniter\CodeIgniter->runController(Object(App\Controllers\SelectiveController))
 5 SYSTEMPATH/CodeIgniter.php(361): CodeIgniter\CodeIgniter->handleRequest(null, Object(Config\Cache), false)
 6 FCPATH/index.php(79): CodeIgniter\CodeIgniter->run()
CRITICAL - 2025-02-12 00:13:33 --> Error: Class "Efi\EfiPay" not found
in APPPATH/Models/EfiPayModel.php on line 15.
 1 APPPATH/Models/EfiPayModel.php(86): App\Models\EfiPayModel->createEfiApi()
 2 APPPATH/Controllers/SelectiveController.php(36): App\Models\EfiPayModel->createPixMaturity('2025-02-24', '32132132131', 'DIACKSNSOO', '0.01')
 3 SYSTEMPATH/CodeIgniter.php(941): App\Controllers\SelectiveController->createCandidate()
 4 SYSTEMPATH/CodeIgniter.php(502): CodeIgniter\CodeIgniter->runController(Object(App\Controllers\SelectiveController))
 5 SYSTEMPATH/CodeIgniter.php(361): CodeIgniter\CodeIgniter->handleRequest(null, Object(Config\Cache), false)
 6 FCPATH/index.php(79): CodeIgniter\CodeIgniter->run()
CRITICAL - 2025-02-12 00:49:15 --> ErrorException: Undefined array key "body"
in APPPATH/Controllers/SelectiveController.php on line 191.
 1 APPPATH/Controllers/SelectiveController.php(191): CodeIgniter\Debug\Exceptions->errorHandler(2, 'Undefined array key "body"', '/home1/gespor33/apia.gesport.com.br/app/Controllers/SelectiveController.php', 191)
 2 SYSTEMPATH/CodeIgniter.php(941): App\Controllers\SelectiveController->getCandidate('202503')
 3 SYSTEMPATH/CodeIgniter.php(502): CodeIgniter\CodeIgniter->runController(Object(App\Controllers\SelectiveController))
 4 SYSTEMPATH/CodeIgniter.php(361): CodeIgniter\CodeIgniter->handleRequest(null, Object(Config\Cache), false)
 5 FCPATH/index.php(79): CodeIgniter\CodeIgniter->run()
CRITICAL - 2025-02-12 00:49:26 --> ErrorException: Undefined array key "body"
in APPPATH/Controllers/SelectiveController.php on line 191.
 1 APPPATH/Controllers/SelectiveController.php(191): CodeIgniter\Debug\Exceptions->errorHandler(2, 'Undefined array key "body"', '/home1/gespor33/apia.gesport.com.br/app/Controllers/SelectiveController.php', 191)
 2 SYSTEMPATH/CodeIgniter.php(941): App\Controllers\SelectiveController->getCandidate('202503')
 3 SYSTEMPATH/CodeIgniter.php(502): CodeIgniter\CodeIgniter->runController(Object(App\Controllers\SelectiveController))
 4 SYSTEMPATH/CodeIgniter.php(361): CodeIgniter\CodeIgniter->handleRequest(null, Object(Config\Cache), false)
 5 FCPATH/index.php(79): CodeIgniter\CodeIgniter->run()
CRITICAL - 2025-02-12 00:53:25 --> ErrorException: Undefined array key "body"
in APPPATH/Controllers/SelectiveController.php on line 191.
 1 APPPATH/Controllers/SelectiveController.php(191): CodeIgniter\Debug\Exceptions->errorHandler(2, 'Undefined array key "body"', '/home1/gespor33/apia.gesport.com.br/app/Controllers/SelectiveController.php', 191)
 2 SYSTEMPATH/CodeIgniter.php(941): App\Controllers\SelectiveController->getCandidate('202503')
 3 SYSTEMPATH/CodeIgniter.php(502): CodeIgniter\CodeIgniter->runController(Object(App\Controllers\SelectiveController))
 4 SYSTEMPATH/CodeIgniter.php(361): CodeIgniter\CodeIgniter->handleRequest(null, Object(Config\Cache), false)
 5 FCPATH/index.php(79): CodeIgniter\CodeIgniter->run()
CRITICAL - 2025-02-12 00:55:29 --> ErrorException: Undefined array key "body"
in APPPATH/Controllers/SelectiveController.php on line 191.
 1 APPPATH/Controllers/SelectiveController.php(191): CodeIgniter\Debug\Exceptions->errorHandler(2, 'Undefined array key "body"', '/home1/gespor33/apia.gesport.com.br/app/Controllers/SelectiveController.php', 191)
 2 SYSTEMPATH/CodeIgniter.php(941): App\Controllers\SelectiveController->getCandidate('202503')
 3 SYSTEMPATH/CodeIgniter.php(502): CodeIgniter\CodeIgniter->runController(Object(App\Controllers\SelectiveController))
 4 SYSTEMPATH/CodeIgniter.php(361): CodeIgniter\CodeIgniter->handleRequest(null, Object(Config\Cache), false)
 5 FCPATH/index.php(79): CodeIgniter\CodeIgniter->run()
CRITICAL - 2025-02-12 00:56:11 --> ErrorException: Undefined array key "body"
in APPPATH/Controllers/SelectiveController.php on line 191.
 1 APPPATH/Controllers/SelectiveController.php(191): CodeIgniter\Debug\Exceptions->errorHandler(2, 'Undefined array key "body"', '/home1/gespor33/apia.gesport.com.br/app/Controllers/SelectiveController.php', 191)
 2 SYSTEMPATH/CodeIgniter.php(941): App\Controllers\SelectiveController->getCandidate('202503')
 3 SYSTEMPATH/CodeIgniter.php(502): CodeIgniter\CodeIgniter->runController(Object(App\Controllers\SelectiveController))
 4 SYSTEMPATH/CodeIgniter.php(361): CodeIgniter\CodeIgniter->handleRequest(null, Object(Config\Cache), false)
 5 FCPATH/index.php(79): CodeIgniter\CodeIgniter->run()
CRITICAL - 2025-02-12 00:56:25 --> ErrorException: Undefined array key "body"
in APPPATH/Controllers/SelectiveController.php on line 191.
 1 APPPATH/Controllers/SelectiveController.php(191): CodeIgniter\Debug\Exceptions->errorHandler(2, 'Undefined array key "body"', '/home1/gespor33/apia.gesport.com.br/app/Controllers/SelectiveController.php', 191)
 2 SYSTEMPATH/CodeIgniter.php(941): App\Controllers\SelectiveController->getCandidate('202503')
 3 SYSTEMPATH/CodeIgniter.php(502): CodeIgniter\CodeIgniter->runController(Object(App\Controllers\SelectiveController))
 4 SYSTEMPATH/CodeIgniter.php(361): CodeIgniter\CodeIgniter->handleRequest(null, Object(Config\Cache), false)
 5 FCPATH/index.php(79): CodeIgniter\CodeIgniter->run()
CRITICAL - 2025-02-12 00:59:57 --> ErrorException: Undefined array key "body"
in APPPATH\Controllers\SelectiveController.php on line 191.
 1 APPPATH\Controllers\SelectiveController.php(191): CodeIgniter\Debug\Exceptions->errorHandler(2, 'Undefined array key "body"', 'D:\\xamp\\htdocs\\GEsports-back\\app\\Controllers\\SelectiveController.php', 191)
 2 SYSTEMPATH\CodeIgniter.php(941): App\Controllers\SelectiveController->getCandidate('202503')
 3 SYSTEMPATH\CodeIgniter.php(502): CodeIgniter\CodeIgniter->runController(Object(App\Controllers\SelectiveController))
 4 SYSTEMPATH\CodeIgniter.php(361): CodeIgniter\CodeIgniter->handleRequest(null, Object(Config\Cache), false)
 5 FCPATH\index.php(79): CodeIgniter\CodeIgniter->run()
