CRITICAL - 2025-02-25 14:20:05 --> ErrorException: Undefined property: stdClass::$approvedRegistration
in APPPATH\Controllers\SelectiveController.php on line 241.
 1 APPPATH\Controllers\SelectiveController.php(241): CodeIgniter\Debug\Exceptions->errorHandler(2, 'Undefined property: stdClass::$approvedRegistration', 'D:\\xamp\\htdocs\\GEsports-back\\app\\Controllers\\SelectiveController.php', 241)
 2 SYSTEMPATH\CodeIgniter.php(941): App\Controllers\SelectiveController->getCandidateForEvaluation('17', 'MASCULINO')
 3 SYSTEMPATH\CodeIgniter.php(502): CodeIgniter\CodeIgniter->runController(Object(App\Controllers\SelectiveController))
 4 SYSTEMPATH\CodeIgniter.php(361): CodeIgniter\CodeIgniter->handleRequest(null, Object(Config\Cache), false)
 5 FCPATH\index.php(79): CodeIgniter\CodeIgniter->run()
CRITICAL - 2025-02-25 14:20:29 --> ErrorException: Undefined property: stdClass::$approvedRegistration
in APPPATH\Controllers\SelectiveController.php on line 241.
 1 APPPATH\Controllers\SelectiveController.php(241): CodeIgniter\Debug\Exceptions->errorHandler(2, 'Undefined property: stdClass::$approvedRegistration', 'D:\\xamp\\htdocs\\GEsports-back\\app\\Controllers\\SelectiveController.php', 241)
 2 SYSTEMPATH\CodeIgniter.php(941): App\Controllers\SelectiveController->getCandidateForEvaluation('18', 'MASCULINO')
 3 SYSTEMPATH\CodeIgniter.php(502): CodeIgniter\CodeIgniter->runController(Object(App\Controllers\SelectiveController))
 4 SYSTEMPATH\CodeIgniter.php(361): CodeIgniter\CodeIgniter->handleRequest(null, Object(Config\Cache), false)
 5 FCPATH\index.php(79): CodeIgniter\CodeIgniter->run()
CRITICAL - 2025-02-25 14:47:24 --> ParseError: syntax error, unexpected token "return"
in APPPATH\Controllers\SelectiveController.php on line 240.
 1 SYSTEMPATH\Autoloader\Autoloader.php(288): CodeIgniter\Autoloader\Autoloader->includeFile('D:\\xamp\\htdocs\\GEsports-back\\app\\Controllers\\SelectiveController.php')
 2 SYSTEMPATH\Autoloader\Autoloader.php(266): CodeIgniter\Autoloader\Autoloader->loadInNamespace('App\\Controllers\\SelectiveController')
 3 [internal function]: CodeIgniter\Autoloader\Autoloader->loadClass('App\\Controllers\\SelectiveController')
 4 SYSTEMPATH\CodeIgniter.php(899): class_exists('\\App\\Controllers\\SelectiveController', true)
 5 SYSTEMPATH\CodeIgniter.php(489): CodeIgniter\CodeIgniter->startController()
 6 SYSTEMPATH\CodeIgniter.php(361): CodeIgniter\CodeIgniter->handleRequest(null, Object(Config\Cache), false)
 7 FCPATH\index.php(79): CodeIgniter\CodeIgniter->run()
CRITICAL - 2025-02-25 14:47:25 --> ParseError: syntax error, unexpected token "return"
in APPPATH\Controllers\SelectiveController.php on line 240.
 1 SYSTEMPATH\Autoloader\Autoloader.php(288): CodeIgniter\Autoloader\Autoloader->includeFile('D:\\xamp\\htdocs\\GEsports-back\\app\\Controllers\\SelectiveController.php')
 2 SYSTEMPATH\Autoloader\Autoloader.php(266): CodeIgniter\Autoloader\Autoloader->loadInNamespace('App\\Controllers\\SelectiveController')
 3 [internal function]: CodeIgniter\Autoloader\Autoloader->loadClass('App\\Controllers\\SelectiveController')
 4 SYSTEMPATH\CodeIgniter.php(899): class_exists('\\App\\Controllers\\SelectiveController', true)
 5 SYSTEMPATH\CodeIgniter.php(489): CodeIgniter\CodeIgniter->startController()
 6 SYSTEMPATH\CodeIgniter.php(361): CodeIgniter\CodeIgniter->handleRequest(null, Object(Config\Cache), false)
 7 FCPATH\index.php(79): CodeIgniter\CodeIgniter->run()
CRITICAL - 2025-02-25 14:47:26 --> ParseError: syntax error, unexpected token "return"
in APPPATH\Controllers\SelectiveController.php on line 240.
 1 SYSTEMPATH\Autoloader\Autoloader.php(288): CodeIgniter\Autoloader\Autoloader->includeFile('D:\\xamp\\htdocs\\GEsports-back\\app\\Controllers\\SelectiveController.php')
 2 SYSTEMPATH\Autoloader\Autoloader.php(266): CodeIgniter\Autoloader\Autoloader->loadInNamespace('App\\Controllers\\SelectiveController')
 3 [internal function]: CodeIgniter\Autoloader\Autoloader->loadClass('App\\Controllers\\SelectiveController')
 4 SYSTEMPATH\CodeIgniter.php(899): class_exists('\\App\\Controllers\\SelectiveController', true)
 5 SYSTEMPATH\CodeIgniter.php(489): CodeIgniter\CodeIgniter->startController()
 6 SYSTEMPATH\CodeIgniter.php(361): CodeIgniter\CodeIgniter->handleRequest(null, Object(Config\Cache), false)
 7 FCPATH\index.php(79): CodeIgniter\CodeIgniter->run()
CRITICAL - 2025-02-25 15:10:26 --> ErrorException: Undefined property: stdClass::$pixStatus
in APPPATH\Controllers\SelectiveController.php on line 276.
 1 APPPATH\Controllers\SelectiveController.php(276): CodeIgniter\Debug\Exceptions->errorHandler(2, 'Undefined property: stdClass::$pixStatus', 'D:\\xamp\\htdocs\\GEsports-back\\app\\Controllers\\SelectiveController.php', 276)
 2 SYSTEMPATH\CodeIgniter.php(941): App\Controllers\SelectiveController->getCandidateForEvaluationPage('MASCULINO', '17')
 3 SYSTEMPATH\CodeIgniter.php(502): CodeIgniter\CodeIgniter->runController(Object(App\Controllers\SelectiveController))
 4 SYSTEMPATH\CodeIgniter.php(361): CodeIgniter\CodeIgniter->handleRequest(null, Object(Config\Cache), false)
 5 FCPATH\index.php(79): CodeIgniter\CodeIgniter->run()
CRITICAL - 2025-02-25 15:10:42 --> ErrorException: Undefined property: stdClass::$pixStatus
in APPPATH\Controllers\SelectiveController.php on line 276.
 1 APPPATH\Controllers\SelectiveController.php(276): CodeIgniter\Debug\Exceptions->errorHandler(2, 'Undefined property: stdClass::$pixStatus', 'D:\\xamp\\htdocs\\GEsports-back\\app\\Controllers\\SelectiveController.php', 276)
 2 SYSTEMPATH\CodeIgniter.php(941): App\Controllers\SelectiveController->getCandidateForEvaluationPage('17', 'MASCULINO')
 3 SYSTEMPATH\CodeIgniter.php(502): CodeIgniter\CodeIgniter->runController(Object(App\Controllers\SelectiveController))
 4 SYSTEMPATH\CodeIgniter.php(361): CodeIgniter\CodeIgniter->handleRequest(null, Object(Config\Cache), false)
 5 FCPATH\index.php(79): CodeIgniter\CodeIgniter->run()
CRITICAL - 2025-02-25 16:27:40 --> ErrorException: Undefined property: stdClass::$pixStatus
in APPPATH\Controllers\SelectiveController.php on line 276.
 1 APPPATH\Controllers\SelectiveController.php(276): CodeIgniter\Debug\Exceptions->errorHandler(2, 'Undefined property: stdClass::$pixStatus', 'D:\\xamp\\htdocs\\GEsports-back\\app\\Controllers\\SelectiveController.php', 276)
 2 SYSTEMPATH\CodeIgniter.php(941): App\Controllers\SelectiveController->getCandidateForEvaluationPage('17', 'MASCULINO')
 3 SYSTEMPATH\CodeIgniter.php(502): CodeIgniter\CodeIgniter->runController(Object(App\Controllers\SelectiveController))
 4 SYSTEMPATH\CodeIgniter.php(361): CodeIgniter\CodeIgniter->handleRequest(null, Object(Config\Cache), false)
 5 FCPATH\index.php(79): CodeIgniter\CodeIgniter->run()
CRITICAL - 2025-02-25 16:28:20 --> ErrorException: Undefined property: stdClass::$pixStatus
in APPPATH\Controllers\SelectiveController.php on line 276.
 1 APPPATH\Controllers\SelectiveController.php(276): CodeIgniter\Debug\Exceptions->errorHandler(2, 'Undefined property: stdClass::$pixStatus', 'D:\\xamp\\htdocs\\GEsports-back\\app\\Controllers\\SelectiveController.php', 276)
 2 SYSTEMPATH\CodeIgniter.php(941): App\Controllers\SelectiveController->getCandidateForEvaluationPage('17', 'MASCULINO')
 3 SYSTEMPATH\CodeIgniter.php(502): CodeIgniter\CodeIgniter->runController(Object(App\Controllers\SelectiveController))
 4 SYSTEMPATH\CodeIgniter.php(361): CodeIgniter\CodeIgniter->handleRequest(null, Object(Config\Cache), false)
 5 FCPATH\index.php(79): CodeIgniter\CodeIgniter->run()
CRITICAL - 2025-02-25 16:39:16 --> ErrorException: Maximum execution time of 120 seconds exceeded
in VENDORPATH\guzzlehttp\guzzle\src\Handler\CurlFactory.php on line 693.
 1 [internal function]: CodeIgniter\Debug\Exceptions->shutdownHandler()
CRITICAL - 2025-02-25 16:52:39 --> ErrorException: Maximum execution time of 120 seconds exceeded
in VENDORPATH\guzzlehttp\guzzle\src\Handler\CurlHandler.php on line 45.
 1 [internal function]: CodeIgniter\Debug\Exceptions->shutdownHandler()
CRITICAL - 2025-02-25 16:52:49 --> ErrorException: Maximum execution time of 120 seconds exceeded
in VENDORPATH\guzzlehttp\guzzle\src\Handler\CurlHandler.php on line 45.
 1 [internal function]: CodeIgniter\Debug\Exceptions->shutdownHandler()
CRITICAL - 2025-02-25 17:58:08 --> ErrorException: Maximum execution time of 120 seconds exceeded
in VENDORPATH\guzzlehttp\guzzle\src\Handler\CurlFactory.php on line 693.
 1 [internal function]: CodeIgniter\Debug\Exceptions->shutdownHandler()
ERROR - 2025-02-25 21:18:39 --> Error connecting to the database: mysqli_sql_exception: Access denied for user 'gespor33_diackson'@'localhost' (using password: YES) in D:\xamp\htdocs\GEsports-back\system\Database\MySQLi\Connection.php:184
Stack trace:
#0 D:\xamp\htdocs\GEsports-back\system\Database\MySQLi\Connection.php(184): mysqli->real_connect('localhost', 'gespor33_diacks...', Object(SensitiveParameterValue), 'gespor33_ace-db', 3306, '', 0)
#1 D:\xamp\htdocs\GEsports-back\system\Database\BaseConnection.php(392): CodeIgniter\Database\MySQLi\Connection->connect(false)
#2 D:\xamp\htdocs\GEsports-back\system\Database\BaseConnection.php(575): CodeIgniter\Database\BaseConnection->initialize()
#3 D:\xamp\htdocs\GEsports-back\system\Database\BaseBuilder.php(1613): CodeIgniter\Database\BaseConnection->query('SELECT *\nFROM `...', Array, false)
#4 D:\xamp\htdocs\GEsports-back\system\Model.php(242): CodeIgniter\Database\BaseBuilder->get()
#5 D:\xamp\htdocs\GEsports-back\system\BaseModel.php(638): CodeIgniter\Model->doFindAll(0, 0)
#6 D:\xamp\htdocs\GEsports-back\app\Controllers\SchoolController.php(16): CodeIgniter\BaseModel->findAll()
#7 D:\xamp\htdocs\GEsports-back\system\CodeIgniter.php(941): App\Controllers\SchoolController->getAll()
#8 D:\xamp\htdocs\GEsports-back\system\CodeIgniter.php(502): CodeIgniter\CodeIgniter->runController(Object(App\Controllers\SchoolController))
#9 D:\xamp\htdocs\GEsports-back\system\CodeIgniter.php(361): CodeIgniter\CodeIgniter->handleRequest(NULL, Object(Config\Cache), false)
#10 D:\xamp\htdocs\GEsports-back\public\index.php(79): CodeIgniter\CodeIgniter->run()
#11 {main}

Next CodeIgniter\Database\Exceptions\DatabaseException: Access denied for user '****'@'localhost' (using password: YES) in D:\xamp\htdocs\GEsports-back\system\Database\MySQLi\Connection.php:229
Stack trace:
#0 D:\xamp\htdocs\GEsports-back\system\Database\BaseConnection.php(392): CodeIgniter\Database\MySQLi\Connection->connect(false)
#1 D:\xamp\htdocs\GEsports-back\system\Database\BaseConnection.php(575): CodeIgniter\Database\BaseConnection->initialize()
#2 D:\xamp\htdocs\GEsports-back\system\Database\BaseBuilder.php(1613): CodeIgniter\Database\BaseConnection->query('SELECT *\nFROM `...', Array, false)
#3 D:\xamp\htdocs\GEsports-back\system\Model.php(242): CodeIgniter\Database\BaseBuilder->get()
#4 D:\xamp\htdocs\GEsports-back\system\BaseModel.php(638): CodeIgniter\Model->doFindAll(0, 0)
#5 D:\xamp\htdocs\GEsports-back\app\Controllers\SchoolController.php(16): CodeIgniter\BaseModel->findAll()
#6 D:\xamp\htdocs\GEsports-back\system\CodeIgniter.php(941): App\Controllers\SchoolController->getAll()
#7 D:\xamp\htdocs\GEsports-back\system\CodeIgniter.php(502): CodeIgniter\CodeIgniter->runController(Object(App\Controllers\SchoolController))
#8 D:\xamp\htdocs\GEsports-back\system\CodeIgniter.php(361): CodeIgniter\CodeIgniter->handleRequest(NULL, Object(Config\Cache), false)
#9 D:\xamp\htdocs\GEsports-back\public\index.php(79): CodeIgniter\CodeIgniter->run()
#10 {main}
ERROR - 2025-02-25 21:18:39 --> Error connecting to the database: mysqli_sql_exception: Access denied for user 'gespor33_diackson'@'localhost' (using password: YES) in D:\xamp\htdocs\GEsports-back\system\Database\MySQLi\Connection.php:184
Stack trace:
#0 D:\xamp\htdocs\GEsports-back\system\Database\MySQLi\Connection.php(184): mysqli->real_connect('localhost', 'gespor33_diacks...', Object(SensitiveParameterValue), 'gespor33_ace-db', 3306, '', 0)
#1 D:\xamp\htdocs\GEsports-back\system\Database\BaseConnection.php(392): CodeIgniter\Database\MySQLi\Connection->connect(false)
#2 D:\xamp\htdocs\GEsports-back\system\Database\BaseConnection.php(575): CodeIgniter\Database\BaseConnection->initialize()
#3 D:\xamp\htdocs\GEsports-back\system\Database\BaseBuilder.php(1613): CodeIgniter\Database\BaseConnection->query('SELECT *\nFROM `...', Array, false)
#4 D:\xamp\htdocs\GEsports-back\system\Model.php(242): CodeIgniter\Database\BaseBuilder->get()
#5 D:\xamp\htdocs\GEsports-back\system\BaseModel.php(638): CodeIgniter\Model->doFindAll(0, 0)
#6 D:\xamp\htdocs\GEsports-back\app\Controllers\CategoryController.php(15): CodeIgniter\BaseModel->findAll()
#7 D:\xamp\htdocs\GEsports-back\system\CodeIgniter.php(941): App\Controllers\CategoryController->getAll()
#8 D:\xamp\htdocs\GEsports-back\system\CodeIgniter.php(502): CodeIgniter\CodeIgniter->runController(Object(App\Controllers\CategoryController))
#9 D:\xamp\htdocs\GEsports-back\system\CodeIgniter.php(361): CodeIgniter\CodeIgniter->handleRequest(NULL, Object(Config\Cache), false)
#10 D:\xamp\htdocs\GEsports-back\public\index.php(79): CodeIgniter\CodeIgniter->run()
#11 {main}

Next CodeIgniter\Database\Exceptions\DatabaseException: Access denied for user '****'@'localhost' (using password: YES) in D:\xamp\htdocs\GEsports-back\system\Database\MySQLi\Connection.php:229
Stack trace:
#0 D:\xamp\htdocs\GEsports-back\system\Database\BaseConnection.php(392): CodeIgniter\Database\MySQLi\Connection->connect(false)
#1 D:\xamp\htdocs\GEsports-back\system\Database\BaseConnection.php(575): CodeIgniter\Database\BaseConnection->initialize()
#2 D:\xamp\htdocs\GEsports-back\system\Database\BaseBuilder.php(1613): CodeIgniter\Database\BaseConnection->query('SELECT *\nFROM `...', Array, false)
#3 D:\xamp\htdocs\GEsports-back\system\Model.php(242): CodeIgniter\Database\BaseBuilder->get()
#4 D:\xamp\htdocs\GEsports-back\system\BaseModel.php(638): CodeIgniter\Model->doFindAll(0, 0)
#5 D:\xamp\htdocs\GEsports-back\app\Controllers\CategoryController.php(15): CodeIgniter\BaseModel->findAll()
#6 D:\xamp\htdocs\GEsports-back\system\CodeIgniter.php(941): App\Controllers\CategoryController->getAll()
#7 D:\xamp\htdocs\GEsports-back\system\CodeIgniter.php(502): CodeIgniter\CodeIgniter->runController(Object(App\Controllers\CategoryController))
#8 D:\xamp\htdocs\GEsports-back\system\CodeIgniter.php(361): CodeIgniter\CodeIgniter->handleRequest(NULL, Object(Config\Cache), false)
#9 D:\xamp\htdocs\GEsports-back\public\index.php(79): CodeIgniter\CodeIgniter->run()
#10 {main}
CRITICAL - 2025-02-25 21:18:39 --> CodeIgniter\Database\Exceptions\DatabaseException: Unable to connect to the database.
Main connection [MySQLi]: Access denied for user '****'@'localhost' (using password: YES)
in SYSTEMPATH\Database\BaseConnection.php on line 428.
 1 SYSTEMPATH\Database\BaseConnection.php(575): CodeIgniter\Database\BaseConnection->initialize()
 2 SYSTEMPATH\Database\BaseBuilder.php(1613): CodeIgniter\Database\BaseConnection->query('SELECT *
FROM `school`', [], false)
 3 SYSTEMPATH\Model.php(242): CodeIgniter\Database\BaseBuilder->get()
 4 SYSTEMPATH\BaseModel.php(638): CodeIgniter\Model->doFindAll(0, 0)
 5 APPPATH\Controllers\SchoolController.php(16): CodeIgniter\BaseModel->findAll()
 6 SYSTEMPATH\CodeIgniter.php(941): App\Controllers\SchoolController->getAll()
 7 SYSTEMPATH\CodeIgniter.php(502): CodeIgniter\CodeIgniter->runController(Object(App\Controllers\SchoolController))
 8 SYSTEMPATH\CodeIgniter.php(361): CodeIgniter\CodeIgniter->handleRequest(null, Object(Config\Cache), false)
 9 FCPATH\index.php(79): CodeIgniter\CodeIgniter->run()
CRITICAL - 2025-02-25 21:18:39 --> CodeIgniter\Database\Exceptions\DatabaseException: Unable to connect to the database.
Main connection [MySQLi]: Access denied for user '****'@'localhost' (using password: YES)
in SYSTEMPATH\Database\BaseConnection.php on line 428.
 1 SYSTEMPATH\Database\BaseConnection.php(575): CodeIgniter\Database\BaseConnection->initialize()
 2 SYSTEMPATH\Database\BaseBuilder.php(1613): CodeIgniter\Database\BaseConnection->query('SELECT *
FROM `category`', [], false)
 3 SYSTEMPATH\Model.php(242): CodeIgniter\Database\BaseBuilder->get()
 4 SYSTEMPATH\BaseModel.php(638): CodeIgniter\Model->doFindAll(0, 0)
 5 APPPATH\Controllers\CategoryController.php(15): CodeIgniter\BaseModel->findAll()
 6 SYSTEMPATH\CodeIgniter.php(941): App\Controllers\CategoryController->getAll()
 7 SYSTEMPATH\CodeIgniter.php(502): CodeIgniter\CodeIgniter->runController(Object(App\Controllers\CategoryController))
 8 SYSTEMPATH\CodeIgniter.php(361): CodeIgniter\CodeIgniter->handleRequest(null, Object(Config\Cache), false)
 9 FCPATH\index.php(79): CodeIgniter\CodeIgniter->run()
