CRITICAL - 2024-05-09 11:35:51 --> Error: Cannot use object of type stdClass as array
in APPPATH\Controllers\RaffleController.php on line 73.
 1 SYSTEMPATH\CodeIgniter.php(941): App\Controllers\RaffleController->getAllRaffle()
 2 SYSTEMPATH\CodeIgniter.php(502): CodeIgniter\CodeIgniter->runController(Object(App\Controllers\RaffleController))
 3 SYSTEMPATH\CodeIgniter.php(361): CodeIgniter\CodeIgniter->handleRequest(null, Object(Config\Cache), false)
 4 FCPATH\index.php(79): CodeIgniter\CodeIgniter->run()
CRITICAL - 2024-05-09 11:36:13 --> Error: Cannot use object of type stdClass as array
in APPPATH\Controllers\RaffleController.php on line 73.
 1 SYSTEMPATH\CodeIgniter.php(941): App\Controllers\RaffleController->getAllRaffle()
 2 SYSTEMPATH\CodeIgniter.php(502): CodeIgniter\CodeIgniter->runController(Object(App\Controllers\RaffleController))
 3 SYSTEMPATH\CodeIgniter.php(361): CodeIgniter\CodeIgniter->handleRequest(null, Object(Config\Cache), false)
 4 FCPATH\index.php(79): CodeIgniter\CodeIgniter->run()
CRITICAL - 2024-05-09 12:32:38 --> Error: Cannot use object of type stdClass as array
in APPPATH\Controllers\RaffleController.php on line 73.
 1 SYSTEMPATH\CodeIgniter.php(941): App\Controllers\RaffleController->getAllRaffle()
 2 SYSTEMPATH\CodeIgniter.php(502): CodeIgniter\CodeIgniter->runController(Object(App\Controllers\RaffleController))
 3 SYSTEMPATH\CodeIgniter.php(361): CodeIgniter\CodeIgniter->handleRequest(null, Object(Config\Cache), false)
 4 FCPATH\index.php(79): CodeIgniter\CodeIgniter->run()
CRITICAL - 2024-05-09 12:41:59 --> Error: Cannot use object of type stdClass as array
in APPPATH\Controllers\RaffleController.php on line 73.
 1 SYSTEMPATH\CodeIgniter.php(941): App\Controllers\RaffleController->getAllRaffle()
 2 SYSTEMPATH\CodeIgniter.php(502): CodeIgniter\CodeIgniter->runController(Object(App\Controllers\RaffleController))
 3 SYSTEMPATH\CodeIgniter.php(361): CodeIgniter\CodeIgniter->handleRequest(null, Object(Config\Cache), false)
 4 FCPATH\index.php(79): CodeIgniter\CodeIgniter->run()
CRITICAL - 2024-05-09 13:56:05 --> Error: Call to undefined function App\Controllers\saveRaffle()
in APPPATH\Controllers\RaffleController.php on line 191.
 1 SYSTEMPATH\CodeIgniter.php(941): App\Controllers\RaffleController->addNumberRaflle()
 2 SYSTEMPATH\CodeIgniter.php(502): CodeIgniter\CodeIgniter->runController(Object(App\Controllers\RaffleController))
 3 SYSTEMPATH\CodeIgniter.php(361): CodeIgniter\CodeIgniter->handleRequest(null, Object(Config\Cache), false)
 4 FCPATH\index.php(79): CodeIgniter\CodeIgniter->run()
CRITICAL - 2024-05-09 13:57:34 --> ParseError: syntax error, unexpected identifier "saveRaffle", expecting ";"
in APPPATH\Controllers\RaffleController.php on line 191.
 1 SYSTEMPATH\Autoloader\Autoloader.php(288): CodeIgniter\Autoloader\Autoloader->includeFile('D:\\xamp\\htdocs\\GEsports-back\\app\\Controllers\\RaffleController.php')
 2 SYSTEMPATH\Autoloader\Autoloader.php(266): CodeIgniter\Autoloader\Autoloader->loadInNamespace('App\\Controllers\\RaffleController')
 3 [internal function]: CodeIgniter\Autoloader\Autoloader->loadClass('App\\Controllers\\RaffleController')
 4 SYSTEMPATH\CodeIgniter.php(899): class_exists('\\App\\Controllers\\RaffleController', true)
 5 SYSTEMPATH\CodeIgniter.php(489): CodeIgniter\CodeIgniter->startController()
 6 SYSTEMPATH\CodeIgniter.php(361): CodeIgniter\CodeIgniter->handleRequest(null, Object(Config\Cache), false)
 7 FCPATH\index.php(79): CodeIgniter\CodeIgniter->run()
