CRITICAL - 2024-02-13 02:10:02 --> CodeIgniter\Files\Exceptions\FileNotFoundException: File not found: "/app/Assets/Document/TERMO.pdf"
in SYSTEMPATH\Files\File.php on line 49.
 1 SYSTEMPATH\Files\File.php(49): CodeIgniter\Files\Exceptions\FileNotFoundException::forFileNotFound('/app/Assets/Document/TERMO.pdf')
 2 SYSTEMPATH\HTTP\DownloadResponse.php(104): CodeIgniter\Files\File->__construct('/app/Assets/Document/TERMO.pdf', true)
 3 SYSTEMPATH\HTTP\ResponseTrait.php(806): CodeIgniter\HTTP\DownloadResponse->setFilePath('/app/Assets/Document/TERMO.pdf')
 4 APPPATH\Controllers\StoreController.php(28): CodeIgniter\HTTP\Response->download('TERMO.pdf', null)
 5 SYSTEMPATH\CodeIgniter.php(941): App\Controllers\StoreController->dowloadTerm()
 6 SYSTEMPATH\CodeIgniter.php(502): CodeIgniter\CodeIgniter->runController(Object(App\Controllers\StoreController))
 7 SYSTEMPATH\CodeIgniter.php(361): CodeIgniter\CodeIgniter->handleRequest(null, Object(Config\Cache), false)
 8 FCPATH\index.php(79): CodeIgniter\CodeIgniter->run()
CRITICAL - 2024-02-13 02:10:05 --> CodeIgniter\Files\Exceptions\FileNotFoundException: File not found: "/app/Assets/Document/TERMO.pdf"
in SYSTEMPATH\Files\File.php on line 49.
 1 SYSTEMPATH\Files\File.php(49): CodeIgniter\Files\Exceptions\FileNotFoundException::forFileNotFound('/app/Assets/Document/TERMO.pdf')
 2 SYSTEMPATH\HTTP\DownloadResponse.php(104): CodeIgniter\Files\File->__construct('/app/Assets/Document/TERMO.pdf', true)
 3 SYSTEMPATH\HTTP\ResponseTrait.php(806): CodeIgniter\HTTP\DownloadResponse->setFilePath('/app/Assets/Document/TERMO.pdf')
 4 APPPATH\Controllers\StoreController.php(28): CodeIgniter\HTTP\Response->download('TERMO.pdf', null)
 5 SYSTEMPATH\CodeIgniter.php(941): App\Controllers\StoreController->dowloadTerm()
 6 SYSTEMPATH\CodeIgniter.php(502): CodeIgniter\CodeIgniter->runController(Object(App\Controllers\StoreController))
 7 SYSTEMPATH\CodeIgniter.php(361): CodeIgniter\CodeIgniter->handleRequest(null, Object(Config\Cache), false)
 8 FCPATH\index.php(79): CodeIgniter\CodeIgniter->run()
