CRITICAL - 2025-03-20 13:42:52 --> TypeError: array_shift(): Argument #1 ($array) must be of type array, stdClass given
in APPPATH\Controllers\SaleController.php on line 48.
 1 APPPATH\Controllers\SaleController.php(48): array_shift(Object(stdClass))
 2 SYSTEMPATH\CodeIgniter.php(941): App\Controllers\SaleController->getCheckSaleSeller('1')
 3 SYSTEMPATH\CodeIgniter.php(502): CodeIgniter\CodeIgniter->runController(Object(App\Controllers\SaleController))
 4 SYSTEMPATH\CodeIgniter.php(361): CodeIgniter\CodeIgniter->handleRequest(null, Object(Config\Cache), false)
 5 FCPATH\index.php(79): CodeIgniter\CodeIgniter->run()
CRITICAL - 2025-03-20 13:43:06 --> TypeError: array_shift(): Argument #1 ($array) must be of type array, stdClass given
in APPPATH\Controllers\SaleController.php on line 47.
 1 APPPATH\Controllers\SaleController.php(47): array_shift(Object(stdClass))
 2 SYSTEMPATH\CodeIgniter.php(941): App\Controllers\SaleController->getCheckSaleSeller('1')
 3 SYSTEMPATH\CodeIgniter.php(502): CodeIgniter\CodeIgniter->runController(Object(App\Controllers\SaleController))
 4 SYSTEMPATH\CodeIgniter.php(361): CodeIgniter\CodeIgniter->handleRequest(null, Object(Config\Cache), false)
 5 FCPATH\index.php(79): CodeIgniter\CodeIgniter->run()
CRITICAL - 2025-03-20 13:43:08 --> TypeError: array_shift(): Argument #1 ($array) must be of type array, stdClass given
in APPPATH\Controllers\SaleController.php on line 47.
 1 APPPATH\Controllers\SaleController.php(47): array_shift(Object(stdClass))
 2 SYSTEMPATH\CodeIgniter.php(941): App\Controllers\SaleController->getCheckSaleSeller('1')
 3 SYSTEMPATH\CodeIgniter.php(502): CodeIgniter\CodeIgniter->runController(Object(App\Controllers\SaleController))
 4 SYSTEMPATH\CodeIgniter.php(361): CodeIgniter\CodeIgniter->handleRequest(null, Object(Config\Cache), false)
 5 FCPATH\index.php(79): CodeIgniter\CodeIgniter->run()
