CRITICAL - 2025-02-14 12:20:24 --> ErrorException: Undefined property: stdClass::$approvedRegistration
in APPPATH\Controllers\SelectiveController.php on line 208.
 1 APPPATH\Controllers\SelectiveController.php(208): CodeIgniter\Debug\Exceptions->errorHandler(2, 'Undefined property: stdClass::$approvedRegistration', 'D:\\xamp\\htdocs\\GEsports-back\\app\\Controllers\\SelectiveController.php', 208)
 2 SYSTEMPATH\CodeIgniter.php(941): App\Controllers\SelectiveController->getCandidatePayment()
 3 SYSTEMPATH\CodeIgniter.php(502): CodeIgniter\CodeIgniter->runController(Object(App\Controllers\SelectiveController))
 4 SYSTEMPATH\CodeIgniter.php(361): CodeIgniter\CodeIgniter->handleRequest(null, Object(Config\Cache), false)
 5 FCPATH\index.php(79): CodeIgniter\CodeIgniter->run()
CRITICAL - 2025-02-14 12:42:14 --> ErrorException: Undefined variable $responsePix
in APPPATH\Controllers\SelectiveController.php on line 216.
 1 APPPATH\Controllers\SelectiveController.php(216): CodeIgniter\Debug\Exceptions->errorHandler(2, 'Undefined variable $responsePix', 'D:\\xamp\\htdocs\\GEsports-back\\app\\Controllers\\SelectiveController.php', 216)
 2 SYSTEMPATH\CodeIgniter.php(941): App\Controllers\SelectiveController->getCandidatePayment()
 3 SYSTEMPATH\CodeIgniter.php(502): CodeIgniter\CodeIgniter->runController(Object(App\Controllers\SelectiveController))
 4 SYSTEMPATH\CodeIgniter.php(361): CodeIgniter\CodeIgniter->handleRequest(null, Object(Config\Cache), false)
 5 FCPATH\index.php(79): CodeIgniter\CodeIgniter->run()
CRITICAL - 2025-02-14 12:43:12 --> TypeError: Unsupported operand types: int + stdClass
in APPPATH\Controllers\SelectiveController.php on line 215.
 1 SYSTEMPATH\CodeIgniter.php(941): App\Controllers\SelectiveController->getCandidatePayment()
 2 SYSTEMPATH\CodeIgniter.php(502): CodeIgniter\CodeIgniter->runController(Object(App\Controllers\SelectiveController))
 3 SYSTEMPATH\CodeIgniter.php(361): CodeIgniter\CodeIgniter->handleRequest(null, Object(Config\Cache), false)
 4 FCPATH\index.php(79): CodeIgniter\CodeIgniter->run()
CRITICAL - 2025-02-14 12:58:33 --> ErrorException: Undefined property: stdClass::$pixStatus
in APPPATH\Controllers\SelectiveController.php on line 220.
 1 APPPATH\Controllers\SelectiveController.php(220): CodeIgniter\Debug\Exceptions->errorHandler(2, 'Undefined property: stdClass::$pixStatus', 'D:\\xamp\\htdocs\\GEsports-back\\app\\Controllers\\SelectiveController.php', 220)
 2 SYSTEMPATH\CodeIgniter.php(941): App\Controllers\SelectiveController->getCandidatePayment()
 3 SYSTEMPATH\CodeIgniter.php(502): CodeIgniter\CodeIgniter->runController(Object(App\Controllers\SelectiveController))
 4 SYSTEMPATH\CodeIgniter.php(361): CodeIgniter\CodeIgniter->handleRequest(null, Object(Config\Cache), false)
 5 FCPATH\index.php(79): CodeIgniter\CodeIgniter->run()
CRITICAL - 2025-02-14 13:00:17 --> Error: Cannot use object of type stdClass as array
in APPPATH\Controllers\SelectiveController.php on line 220.
 1 SYSTEMPATH\CodeIgniter.php(941): App\Controllers\SelectiveController->getCandidatePayment()
 2 SYSTEMPATH\CodeIgniter.php(502): CodeIgniter\CodeIgniter->runController(Object(App\Controllers\SelectiveController))
 3 SYSTEMPATH\CodeIgniter.php(361): CodeIgniter\CodeIgniter->handleRequest(null, Object(Config\Cache), false)
 4 FCPATH\index.php(79): CodeIgniter\CodeIgniter->run()
