CRITICAL - 2024-05-23 22:11:02 --> ParseError: syntax error, unexpected token "}"
in APPPATH\Controllers\ChampionshipController.php on line 80.
 1 SYSTEMPATH\Autoloader\Autoloader.php(288): CodeIgniter\Autoloader\Autoloader->includeFile('D:\\xamp\\htdocs\\GEsports-back\\app\\Controllers\\ChampionshipController.php')
 2 SYSTEMPATH\Autoloader\Autoloader.php(266): CodeIgniter\Autoloader\Autoloader->loadInNamespace('App\\Controllers\\ChampionshipController')
 3 [internal function]: CodeIgniter\Autoloader\Autoloader->loadClass('App\\Controllers\\ChampionshipController')
 4 SYSTEMPATH\CodeIgniter.php(899): class_exists('\\App\\Controllers\\ChampionshipController', true)
 5 SYSTEMPATH\CodeIgniter.php(489): CodeIgniter\CodeIgniter->startController()
 6 SYSTEMPATH\CodeIgniter.php(361): CodeIgniter\CodeIgniter->handleRequest(null, Object(Config\Cache), false)
 7 FCPATH\index.php(79): CodeIgniter\CodeIgniter->run()
CRITICAL - 2024-05-23 22:27:09 --> TypeError: App\Controllers\ChampionshipController::getTeams(): Return value must be of type App\Controllers\Returntype, null returned
in APPPATH\Controllers\ChampionshipController.php on line 25.
 1 APPPATH\Controllers\ChampionshipController.php(91): App\Controllers\ChampionshipController->getTeams(28)
 2 SYSTEMPATH\CodeIgniter.php(941): App\Controllers\ChampionshipController->getGruops('FEM')
 3 SYSTEMPATH\CodeIgniter.php(502): CodeIgniter\CodeIgniter->runController(Object(App\Controllers\ChampionshipController))
 4 SYSTEMPATH\CodeIgniter.php(361): CodeIgniter\CodeIgniter->handleRequest(null, Object(Config\Cache), false)
 5 FCPATH\index.php(79): CodeIgniter\CodeIgniter->run()
CRITICAL - 2024-05-23 23:16:46 --> TypeError: App\Controllers\ChampionshipController::getTeams(): Return value must be of type App\Controllers\Returntype, null returned
in APPPATH\Controllers\ChampionshipController.php on line 25.
 1 APPPATH\Controllers\ChampionshipController.php(91): App\Controllers\ChampionshipController->getTeams(28)
 2 SYSTEMPATH\CodeIgniter.php(941): App\Controllers\ChampionshipController->getGruops('FEM')
 3 SYSTEMPATH\CodeIgniter.php(502): CodeIgniter\CodeIgniter->runController(Object(App\Controllers\ChampionshipController))
 4 SYSTEMPATH\CodeIgniter.php(361): CodeIgniter\CodeIgniter->handleRequest(null, Object(Config\Cache), false)
 5 FCPATH\index.php(79): CodeIgniter\CodeIgniter->run()
CRITICAL - 2024-05-23 23:16:59 --> TypeError: App\Controllers\ChampionshipController::getTeams(): Return value must be of type App\Controllers\Returntype, null returned
in APPPATH\Controllers\ChampionshipController.php on line 25.
 1 APPPATH\Controllers\ChampionshipController.php(91): App\Controllers\ChampionshipController->getTeams(28)
 2 SYSTEMPATH\CodeIgniter.php(941): App\Controllers\ChampionshipController->getGruops('FEM')
 3 SYSTEMPATH\CodeIgniter.php(502): CodeIgniter\CodeIgniter->runController(Object(App\Controllers\ChampionshipController))
 4 SYSTEMPATH\CodeIgniter.php(361): CodeIgniter\CodeIgniter->handleRequest(null, Object(Config\Cache), false)
 5 FCPATH\index.php(79): CodeIgniter\CodeIgniter->run()
CRITICAL - 2024-05-23 23:17:02 --> TypeError: App\Controllers\ChampionshipController::getTeams(): Return value must be of type App\Controllers\Returntype, null returned
in APPPATH\Controllers\ChampionshipController.php on line 25.
 1 APPPATH\Controllers\ChampionshipController.php(91): App\Controllers\ChampionshipController->getTeams(28)
 2 SYSTEMPATH\CodeIgniter.php(941): App\Controllers\ChampionshipController->getGruops('FEM')
 3 SYSTEMPATH\CodeIgniter.php(502): CodeIgniter\CodeIgniter->runController(Object(App\Controllers\ChampionshipController))
 4 SYSTEMPATH\CodeIgniter.php(361): CodeIgniter\CodeIgniter->handleRequest(null, Object(Config\Cache), false)
 5 FCPATH\index.php(79): CodeIgniter\CodeIgniter->run()
CRITICAL - 2024-05-23 23:17:36 --> TypeError: App\Controllers\ChampionshipController::getTeams(): Return value must be of type App\Controllers\Returntype, null returned
in APPPATH\Controllers\ChampionshipController.php on line 25.
 1 APPPATH\Controllers\ChampionshipController.php(91): App\Controllers\ChampionshipController->getTeams(28)
 2 SYSTEMPATH\CodeIgniter.php(941): App\Controllers\ChampionshipController->getGruops('FEM')
 3 SYSTEMPATH\CodeIgniter.php(502): CodeIgniter\CodeIgniter->runController(Object(App\Controllers\ChampionshipController))
 4 SYSTEMPATH\CodeIgniter.php(361): CodeIgniter\CodeIgniter->handleRequest(null, Object(Config\Cache), false)
 5 FCPATH\index.php(79): CodeIgniter\CodeIgniter->run()
